[14-Sep-2024 06:39:29 UTC] PHP Fatal error:  Cannot redeclare header() in /Users/m1air/Projects/PHP/boilerplate/app/views/partials/_header.php on line 2
[14-Sep-2024 06:40:07 UTC] PHP Fatal error:  Cannot redeclare header() in /Users/m1air/Projects/PHP/boilerplate/app/views/partials/_header.php on line 2
[14-Sep-2024 06:42:13 UTC] PHP Fatal error:  Cannot redeclare header() in /Users/m1air/Projects/PHP/boilerplate/app/views/partials/_header.php on line 2
[19-Sep-2024 10:01:14 UTC] PHP Fatal error:  Uncaught Error: Call to undefined function aside() in /Users/m1air/Projects/PHP/boilerplate/app/views/index.view.php:18
Stack trace:
#0 /Users/m1air/Projects/PHP/boilerplate/app/controllers/index.php(17): require()
#1 /Users/m1air/Projects/PHP/boilerplate/app/config/routes.php(15): require('/Users/m1air/Pr...')
#2 /Users/m1air/Projects/PHP/boilerplate/app/config/routes.php(30): routeToController('/', Array)
#3 /Users/m1air/Projects/PHP/boilerplate/app/init.php(19): require('/Users/m1air/Pr...')
#4 /Users/m1air/Projects/PHP/boilerplate/public/index.php(3): require('/Users/m1air/Pr...')
#5 {main}
  thrown in /Users/m1air/Projects/PHP/boilerplate/app/views/index.view.php on line 18
[19-Sep-2024 10:09:34 UTC] PHP Warning:  require(/Users/m1air/Projects/PHP/boilerplate/app/viewsinc.view.php): Failed to open stream: No such file or directory in /Users/m1air/Projects/PHP/boilerplate/app/views/index.view.php on line 2
[19-Sep-2024 10:09:34 UTC] PHP Fatal error:  Uncaught Error: Failed opening required '/Users/m1air/Projects/PHP/boilerplate/app/viewsinc.view.php' (include_path='.:/Applications/MAMP/bin/php/php8.2.0/lib/php') in /Users/m1air/Projects/PHP/boilerplate/app/views/index.view.php:2
Stack trace:
#0 /Users/m1air/Projects/PHP/boilerplate/app/controllers/index.php(17): require()
#1 /Users/m1air/Projects/PHP/boilerplate/app/config/routes.php(15): require('/Users/m1air/Pr...')
#2 /Users/m1air/Projects/PHP/boilerplate/app/config/routes.php(30): routeToController('/', Array)
#3 /Users/m1air/Projects/PHP/boilerplate/app/init.php(19): require('/Users/m1air/Pr...')
#4 /Users/m1air/Projects/PHP/boilerplate/public/index.php(3): require('/Users/m1air/Pr...')
#5 {main}
  thrown in /Users/m1air/Projects/PHP/boilerplate/app/views/index.view.php on line 2
[19-Sep-2024 10:31:51 UTC] PHP Fatal error:  Uncaught Error: Call to undefined function nav() in /Users/m1air/Projects/PHP/boilerplate/app/views/partials/_aside.php:10
Stack trace:
#0 /Users/m1air/Projects/PHP/boilerplate/app/views/index.view.php(16): aside()
#1 /Users/m1air/Projects/PHP/boilerplate/app/controllers/index.php(17): require('/Users/m1air/Pr...')
#2 /Users/m1air/Projects/PHP/boilerplate/app/config/routes.php(15): require('/Users/m1air/Pr...')
#3 /Users/m1air/Projects/PHP/boilerplate/app/config/routes.php(30): routeToController('/', Array)
#4 /Users/m1air/Projects/PHP/boilerplate/app/init.php(19): require('/Users/m1air/Pr...')
#5 /Users/m1air/Projects/PHP/boilerplate/public/index.php(3): require('/Users/m1air/Pr...')
#6 {main}
  thrown in /Users/m1air/Projects/PHP/boilerplate/app/views/partials/_aside.php on line 10
[19-Sep-2024 11:50:53 UTC] PHP Fatal error:  Uncaught Error: Call to undefined function dbFetch() in /Users/m1air/Projects/PHP/boilerplate/app/controllers/index.php:17
Stack trace:
#0 /Users/m1air/Projects/PHP/boilerplate/app/config/routes.php(15): require()
#1 /Users/m1air/Projects/PHP/boilerplate/app/config/routes.php(30): routeToController('/', Array)
#2 /Users/m1air/Projects/PHP/boilerplate/app/init.php(19): require('/Users/m1air/Pr...')
#3 /Users/m1air/Projects/PHP/boilerplate/public/index.php(3): require('/Users/m1air/Pr...')
#4 {main}
  thrown in /Users/m1air/Projects/PHP/boilerplate/app/controllers/index.php on line 17
[19-Sep-2024 11:51:14 UTC] PHP Fatal error:  Uncaught Error: Call to undefined function dbFetch() in /Users/m1air/Projects/PHP/boilerplate/app/controllers/index.php:17
Stack trace:
#0 /Users/m1air/Projects/PHP/boilerplate/app/config/routes.php(15): require()
#1 /Users/m1air/Projects/PHP/boilerplate/app/config/routes.php(30): routeToController('/', Array)
#2 /Users/m1air/Projects/PHP/boilerplate/app/init.php(19): require('/Users/m1air/Pr...')
#3 /Users/m1air/Projects/PHP/boilerplate/public/index.php(3): require('/Users/m1air/Pr...')
#4 {main}
  thrown in /Users/m1air/Projects/PHP/boilerplate/app/controllers/index.php on line 17
[19-Sep-2024 11:53:42 UTC] PHP Fatal error:  Uncaught Error: Call to undefined function dbFetch() in /Users/m1air/Projects/PHP/boilerplate/app/controllers/index.php:17
Stack trace:
#0 /Users/m1air/Projects/PHP/boilerplate/app/config/routes.php(15): require()
#1 /Users/m1air/Projects/PHP/boilerplate/app/config/routes.php(30): routeToController('/', Array)
#2 /Users/m1air/Projects/PHP/boilerplate/app/init.php(19): require('/Users/m1air/Pr...')
#3 /Users/m1air/Projects/PHP/boilerplate/public/index.php(3): require('/Users/m1air/Pr...')
#4 {main}
  thrown in /Users/m1air/Projects/PHP/boilerplate/app/controllers/index.php on line 17
[19-Sep-2024 11:58:04 UTC] PHP Fatal error:  Uncaught Error: Call to undefined function dbFetch() in /Users/m1air/Projects/PHP/boilerplate/app/controllers/index.php:17
Stack trace:
#0 /Users/m1air/Projects/PHP/boilerplate/app/config/routes.php(15): require()
#1 /Users/m1air/Projects/PHP/boilerplate/app/config/routes.php(30): routeToController('/', Array)
#2 /Users/m1air/Projects/PHP/boilerplate/app/init.php(19): require('/Users/m1air/Pr...')
#3 /Users/m1air/Projects/PHP/boilerplate/public/index.php(3): require('/Users/m1air/Pr...')
#4 {main}
  thrown in /Users/m1air/Projects/PHP/boilerplate/app/controllers/index.php on line 17
[19-Sep-2024 11:58:05 UTC] PHP Fatal error:  Uncaught Error: Call to undefined function dbFetch() in /Users/m1air/Projects/PHP/boilerplate/app/controllers/index.php:17
Stack trace:
#0 /Users/m1air/Projects/PHP/boilerplate/app/config/routes.php(15): require()
#1 /Users/m1air/Projects/PHP/boilerplate/app/config/routes.php(30): routeToController('/', Array)
#2 /Users/m1air/Projects/PHP/boilerplate/app/init.php(19): require('/Users/m1air/Pr...')
#3 /Users/m1air/Projects/PHP/boilerplate/public/index.php(3): require('/Users/m1air/Pr...')
#4 {main}
  thrown in /Users/m1air/Projects/PHP/boilerplate/app/controllers/index.php on line 17
[19-Sep-2024 11:58:07 UTC] PHP Fatal error:  Uncaught Error: Call to undefined function dbFetch() in /Users/m1air/Projects/PHP/boilerplate/app/controllers/index.php:17
Stack trace:
#0 /Users/m1air/Projects/PHP/boilerplate/app/config/routes.php(15): require()
#1 /Users/m1air/Projects/PHP/boilerplate/app/config/routes.php(30): routeToController('/', Array)
#2 /Users/m1air/Projects/PHP/boilerplate/app/init.php(19): require('/Users/m1air/Pr...')
#3 /Users/m1air/Projects/PHP/boilerplate/public/index.php(3): require('/Users/m1air/Pr...')
#4 {main}
  thrown in /Users/m1air/Projects/PHP/boilerplate/app/controllers/index.php on line 17
[19-Sep-2024 11:58:11 UTC] PHP Fatal error:  Uncaught Error: Call to undefined function dbFetch() in /Users/m1air/Projects/PHP/boilerplate/app/controllers/index.php:17
Stack trace:
#0 /Users/m1air/Projects/PHP/boilerplate/app/config/routes.php(15): require()
#1 /Users/m1air/Projects/PHP/boilerplate/app/config/routes.php(30): routeToController('/', Array)
#2 /Users/m1air/Projects/PHP/boilerplate/app/init.php(19): require('/Users/m1air/Pr...')
#3 /Users/m1air/Projects/PHP/boilerplate/public/index.php(3): require('/Users/m1air/Pr...')
#4 {main}
  thrown in /Users/m1air/Projects/PHP/boilerplate/app/controllers/index.php on line 17
[19-Sep-2024 11:58:11 UTC] PHP Fatal error:  Uncaught Error: Call to undefined function dbFetch() in /Users/m1air/Projects/PHP/boilerplate/app/controllers/index.php:17
Stack trace:
#0 /Users/m1air/Projects/PHP/boilerplate/app/config/routes.php(15): require()
#1 /Users/m1air/Projects/PHP/boilerplate/app/config/routes.php(30): routeToController('/', Array)
#2 /Users/m1air/Projects/PHP/boilerplate/app/init.php(19): require('/Users/m1air/Pr...')
#3 /Users/m1air/Projects/PHP/boilerplate/public/index.php(3): require('/Users/m1air/Pr...')
#4 {main}
  thrown in /Users/m1air/Projects/PHP/boilerplate/app/controllers/index.php on line 17
[19-Sep-2024 11:58:11 UTC] PHP Fatal error:  Uncaught Error: Call to undefined function dbFetch() in /Users/m1air/Projects/PHP/boilerplate/app/controllers/index.php:17
Stack trace:
#0 /Users/m1air/Projects/PHP/boilerplate/app/config/routes.php(15): require()
#1 /Users/m1air/Projects/PHP/boilerplate/app/config/routes.php(30): routeToController('/', Array)
#2 /Users/m1air/Projects/PHP/boilerplate/app/init.php(19): require('/Users/m1air/Pr...')
#3 /Users/m1air/Projects/PHP/boilerplate/public/index.php(3): require('/Users/m1air/Pr...')
#4 {main}
  thrown in /Users/m1air/Projects/PHP/boilerplate/app/controllers/index.php on line 17
[19-Sep-2024 11:58:11 UTC] PHP Fatal error:  Uncaught Error: Call to undefined function dbFetch() in /Users/m1air/Projects/PHP/boilerplate/app/controllers/index.php:17
Stack trace:
#0 /Users/m1air/Projects/PHP/boilerplate/app/config/routes.php(15): require()
#1 /Users/m1air/Projects/PHP/boilerplate/app/config/routes.php(30): routeToController('/', Array)
#2 /Users/m1air/Projects/PHP/boilerplate/app/init.php(19): require('/Users/m1air/Pr...')
#3 /Users/m1air/Projects/PHP/boilerplate/public/index.php(3): require('/Users/m1air/Pr...')
#4 {main}
  thrown in /Users/m1air/Projects/PHP/boilerplate/app/controllers/index.php on line 17
[19-Sep-2024 11:58:12 UTC] PHP Fatal error:  Uncaught Error: Call to undefined function dbFetch() in /Users/m1air/Projects/PHP/boilerplate/app/controllers/index.php:17
Stack trace:
#0 /Users/m1air/Projects/PHP/boilerplate/app/config/routes.php(15): require()
#1 /Users/m1air/Projects/PHP/boilerplate/app/config/routes.php(30): routeToController('/', Array)
#2 /Users/m1air/Projects/PHP/boilerplate/app/init.php(19): require('/Users/m1air/Pr...')
#3 /Users/m1air/Projects/PHP/boilerplate/public/index.php(3): require('/Users/m1air/Pr...')
#4 {main}
  thrown in /Users/m1air/Projects/PHP/boilerplate/app/controllers/index.php on line 17
[19-Sep-2024 11:58:48 UTC] PHP Fatal error:  Uncaught Error: Call to undefined function dbFetch() in /Users/m1air/Projects/PHP/boilerplate/app/controllers/index.php:19
Stack trace:
#0 /Users/m1air/Projects/PHP/boilerplate/app/config/routes.php(15): require()
#1 /Users/m1air/Projects/PHP/boilerplate/app/config/routes.php(30): routeToController('/', Array)
#2 /Users/m1air/Projects/PHP/boilerplate/app/init.php(19): require('/Users/m1air/Pr...')
#3 /Users/m1air/Projects/PHP/boilerplate/public/index.php(3): require('/Users/m1air/Pr...')
#4 {main}
  thrown in /Users/m1air/Projects/PHP/boilerplate/app/controllers/index.php on line 19
[19-Sep-2024 12:00:07 UTC] PHP Warning:  Undefined variable $pdo in /Users/m1air/Projects/PHP/boilerplate/app/controllers/index.php on line 19
[19-Sep-2024 12:02:02 UTC] PHP Warning:  Undefined variable $pdo in /Users/m1air/Projects/PHP/boilerplate/app/controllers/index.php on line 19
[19-Sep-2024 12:03:13 UTC] PHP Fatal error:  Uncaught Error: Call to undefined function dbQuery() in /Users/m1air/Projects/PHP/boilerplate/app/controllers/index.php:19
Stack trace:
#0 /Users/m1air/Projects/PHP/boilerplate/app/config/routes.php(15): require()
#1 /Users/m1air/Projects/PHP/boilerplate/app/config/routes.php(30): routeToController('/', Array)
#2 /Users/m1air/Projects/PHP/boilerplate/app/init.php(19): require('/Users/m1air/Pr...')
#3 /Users/m1air/Projects/PHP/boilerplate/public/index.php(3): require('/Users/m1air/Pr...')
#4 {main}
  thrown in /Users/m1air/Projects/PHP/boilerplate/app/controllers/index.php on line 19
[19-Sep-2024 12:05:01 UTC] PHP Fatal error:  Uncaught Error: Call to undefined function dbFetch() in /Users/m1air/Projects/PHP/boilerplate/app/controllers/index.php:17
Stack trace:
#0 /Users/m1air/Projects/PHP/boilerplate/app/config/routes.php(15): require()
#1 /Users/m1air/Projects/PHP/boilerplate/app/config/routes.php(30): routeToController('/', Array)
#2 /Users/m1air/Projects/PHP/boilerplate/app/init.php(19): require('/Users/m1air/Pr...')
#3 /Users/m1air/Projects/PHP/boilerplate/public/index.php(3): require('/Users/m1air/Pr...')
#4 {main}
  thrown in /Users/m1air/Projects/PHP/boilerplate/app/controllers/index.php on line 17
[19-Sep-2024 16:55:55 UTC] PHP Warning:  Undefined variable $user in /Users/m1air/Projects/PHP/boilerplate/app/controllers/about/index.php on line 17
[19-Sep-2024 16:55:55 UTC] PHP Warning:  Trying to access array offset on value of type null in /Users/m1air/Projects/PHP/boilerplate/app/controllers/about/index.php on line 17
[19-Sep-2024 18:15:35 UTC] PHP Fatal error:  Uncaught Error: Call to undefined function template() in /Users/m1air/Projects/PHP/boilerplate/app/controllers/index.php:31
Stack trace:
#0 /Users/m1air/Projects/PHP/boilerplate/app/config/routes.php(15): require()
#1 /Users/m1air/Projects/PHP/boilerplate/app/config/routes.php(30): routeToController('/', Array)
#2 /Users/m1air/Projects/PHP/boilerplate/app/init.php(21): require('/Users/m1air/Pr...')
#3 /Users/m1air/Projects/PHP/boilerplate/public/index.php(3): require('/Users/m1air/Pr...')
#4 {main}
  thrown in /Users/m1air/Projects/PHP/boilerplate/app/controllers/index.php on line 31
[19-Sep-2024 18:22:28 UTC] PHP Warning:  Undefined variable $mainContent in /Users/m1air/Projects/PHP/boilerplate/app/controllers/index.php on line 33
[19-Sep-2024 18:47:44 UTC] PHP Fatal error:  Uncaught Error: Call to undefined function nav() in /Users/m1air/Projects/PHP/boilerplate/app/views/partials/_header.php:13
Stack trace:
#0 /Users/m1air/Projects/PHP/boilerplate/app/views/contact.view.php(14): htmlHeader()
#1 /Users/m1air/Projects/PHP/boilerplate/app/controllers/contact.php(9): require('/Users/m1air/Pr...')
#2 /Users/m1air/Projects/PHP/boilerplate/app/config/routes.php(15): require('/Users/m1air/Pr...')
#3 /Users/m1air/Projects/PHP/boilerplate/app/config/routes.php(30): routeToController('/contact', Array)
#4 /Users/m1air/Projects/PHP/boilerplate/app/init.php(21): require('/Users/m1air/Pr...')
#5 /Users/m1air/Projects/PHP/boilerplate/public/index.php(3): require('/Users/m1air/Pr...')
#6 {main}
  thrown in /Users/m1air/Projects/PHP/boilerplate/app/views/partials/_header.php on line 13
[21-Sep-2024 02:23:23 UTC] PHP Warning:  Undefined variable $additionalHeadTags in /Users/m1air/Projects/PHP/boilerplate/app/controllers/index.php on line 25
[21-Sep-2024 02:25:16 UTC] PHP Warning:  Undefined variable $additionalHeadTags in /Users/m1air/Projects/PHP/boilerplate/app/controllers/index.php on line 25
[21-Sep-2024 02:25:37 UTC] PHP Warning:  Undefined variable $additionalHeadTags in /Users/m1air/Projects/PHP/boilerplate/app/controllers/index.php on line 25
[22-Sep-2024 08:59:04 UTC] PHP Warning:  Undefined array key "SERVER_NAME" in /Users/m1air/Projects/PHP/boilerplate/app/init.php on line 8
[22-Sep-2024 11:02:34 UTC] PHP Warning:  Undefined array key "SERVER_NAME" in /Users/m1air/Projects/PHP/boilerplate/app/init.php on line 8
[28-Sep-2024 11:03:24 UTC] PHP Fatal error:  Uncaught Error: Call to undefined function nav() in /Users/m1air/Projects/PHP/boilerplate/app/views/partials/_header.php:13
Stack trace:
#0 /Users/m1air/Projects/PHP/boilerplate/app/views/404.php(20): htmlHeader()
#1 /Users/m1air/Projects/PHP/boilerplate/app/config/routes.php(25): require('/Users/m1air/Pr...')
#2 /Users/m1air/Projects/PHP/boilerplate/app/config/routes.php(17): abort()
#3 /Users/m1air/Projects/PHP/boilerplate/app/config/routes.php(30): routeToController('/public/index.p...', Array)
#4 /Users/m1air/Projects/PHP/boilerplate/app/init.php(21): require('/Users/m1air/Pr...')
#5 /Users/m1air/Projects/PHP/boilerplate/public/index.php(3): require('/Users/m1air/Pr...')
#6 {main}
  thrown in /Users/m1air/Projects/PHP/boilerplate/app/views/partials/_header.php on line 13
[28-Sep-2024 11:03:30 UTC] PHP Fatal error:  Uncaught Error: Call to undefined function nav() in /Users/m1air/Projects/PHP/boilerplate/app/views/partials/_header.php:13
Stack trace:
#0 /Users/m1air/Projects/PHP/boilerplate/app/views/404.php(20): htmlHeader()
#1 /Users/m1air/Projects/PHP/boilerplate/app/config/routes.php(25): require('/Users/m1air/Pr...')
#2 /Users/m1air/Projects/PHP/boilerplate/app/config/routes.php(17): abort()
#3 /Users/m1air/Projects/PHP/boilerplate/app/config/routes.php(30): routeToController('/public/index.p...', Array)
#4 /Users/m1air/Projects/PHP/boilerplate/app/init.php(21): require('/Users/m1air/Pr...')
#5 /Users/m1air/Projects/PHP/boilerplate/public/index.php(3): require('/Users/m1air/Pr...')
#6 {main}
  thrown in /Users/m1air/Projects/PHP/boilerplate/app/views/partials/_header.php on line 13
[28-Sep-2024 11:03:31 UTC] PHP Fatal error:  Uncaught Error: Call to undefined function nav() in /Users/m1air/Projects/PHP/boilerplate/app/views/partials/_header.php:13
Stack trace:
#0 /Users/m1air/Projects/PHP/boilerplate/app/views/404.php(20): htmlHeader()
#1 /Users/m1air/Projects/PHP/boilerplate/app/config/routes.php(25): require('/Users/m1air/Pr...')
#2 /Users/m1air/Projects/PHP/boilerplate/app/config/routes.php(17): abort()
#3 /Users/m1air/Projects/PHP/boilerplate/app/config/routes.php(30): routeToController('/public/favicon...', Array)
#4 /Users/m1air/Projects/PHP/boilerplate/app/init.php(21): require('/Users/m1air/Pr...')
#5 /Users/m1air/Projects/PHP/boilerplate/public/index.php(3): require('/Users/m1air/Pr...')
#6 {main}
  thrown in /Users/m1air/Projects/PHP/boilerplate/app/views/partials/_header.php on line 13
[28-Sep-2024 11:04:19 UTC] PHP Fatal error:  Uncaught Error: Call to undefined function nav() in /Users/m1air/Projects/PHP/boilerplate/app/views/partials/_header.php:13
Stack trace:
#0 /Users/m1air/Projects/PHP/boilerplate/app/views/404.php(20): htmlHeader()
#1 /Users/m1air/Projects/PHP/boilerplate/app/config/routes.php(25): require('/Users/m1air/Pr...')
#2 /Users/m1air/Projects/PHP/boilerplate/app/config/routes.php(17): abort()
#3 /Users/m1air/Projects/PHP/boilerplate/app/config/routes.php(30): routeToController('/public/index.p...', Array)
#4 /Users/m1air/Projects/PHP/boilerplate/app/init.php(21): require('/Users/m1air/Pr...')
#5 /Users/m1air/Projects/PHP/boilerplate/public/index.php(3): require('/Users/m1air/Pr...')
#6 {main}
  thrown in /Users/m1air/Projects/PHP/boilerplate/app/views/partials/_header.php on line 13
[28-Sep-2024 11:04:38 UTC] PHP Fatal error:  Uncaught Error: Call to undefined function nav() in /Users/m1air/Projects/PHP/boilerplate/app/views/partials/_header.php:13
Stack trace:
#0 /Users/m1air/Projects/PHP/boilerplate/app/views/404.php(20): htmlHeader()
#1 /Users/m1air/Projects/PHP/boilerplate/app/config/routes.php(25): require('/Users/m1air/Pr...')
#2 /Users/m1air/Projects/PHP/boilerplate/app/config/routes.php(17): abort()
#3 /Users/m1air/Projects/PHP/boilerplate/app/config/routes.php(30): routeToController('/public/index.p...', Array)
#4 /Users/m1air/Projects/PHP/boilerplate/app/init.php(21): require('/Users/m1air/Pr...')
#5 /Users/m1air/Projects/PHP/boilerplate/public/index.php(3): require('/Users/m1air/Pr...')
#6 {main}
  thrown in /Users/m1air/Projects/PHP/boilerplate/app/views/partials/_header.php on line 13
[28-Sep-2024 11:06:43 UTC] PHP Fatal error:  Uncaught Error: Call to undefined function nav() in /Users/m1air/Projects/PHP/boilerplate/app/views/partials/_header.php:13
Stack trace:
#0 /Users/m1air/Projects/PHP/boilerplate/app/views/404.php(20): htmlHeader()
#1 /Users/m1air/Projects/PHP/boilerplate/app/config/routes.php(25): require('/Users/m1air/Pr...')
#2 /Users/m1air/Projects/PHP/boilerplate/app/config/routes.php(17): abort()
#3 /Users/m1air/Projects/PHP/boilerplate/app/config/routes.php(30): routeToController('/public/public/...', Array)
#4 /Users/m1air/Projects/PHP/boilerplate/app/init.php(21): require('/Users/m1air/Pr...')
#5 /Users/m1air/Projects/PHP/boilerplate/public/index.php(3): require('/Users/m1air/Pr...')
#6 {main}
  thrown in /Users/m1air/Projects/PHP/boilerplate/app/views/partials/_header.php on line 13
[28-Sep-2024 11:06:43 UTC] PHP Fatal error:  Uncaught Error: Call to undefined function nav() in /Users/m1air/Projects/PHP/boilerplate/app/views/partials/_header.php:13
Stack trace:
#0 /Users/m1air/Projects/PHP/boilerplate/app/views/404.php(20): htmlHeader()
#1 /Users/m1air/Projects/PHP/boilerplate/app/config/routes.php(25): require('/Users/m1air/Pr...')
#2 /Users/m1air/Projects/PHP/boilerplate/app/config/routes.php(17): abort()
#3 /Users/m1air/Projects/PHP/boilerplate/app/config/routes.php(30): routeToController('/public/public/...', Array)
#4 /Users/m1air/Projects/PHP/boilerplate/app/init.php(21): require('/Users/m1air/Pr...')
#5 /Users/m1air/Projects/PHP/boilerplate/public/index.php(3): require('/Users/m1air/Pr...')
#6 {main}
  thrown in /Users/m1air/Projects/PHP/boilerplate/app/views/partials/_header.php on line 13
[29-Sep-2024 17:54:38 UTC] PHP Fatal error:  Uncaught PDOException: SQLSTATE[42S02]: Base table or view not found: 1146 Table 'csm_bangladesh.user' doesn't exist in /Users/m1air/Projects/CSMBD/generateinvoice/app/config/db_func.php:8
Stack trace:
#0 /Users/m1air/Projects/CSMBD/generateinvoice/app/config/db_func.php(8): PDO->prepare('SELECT * FROM u...')
#1 /Users/m1air/Projects/CSMBD/generateinvoice/app/config/db_func.php(15): dbQuery('SELECT * FROM u...', Array)
#2 /Users/m1air/Projects/CSMBD/generateinvoice/app/controllers/index.php(9): dbFetch('SELECT * FROM u...', Array)
#3 /Users/m1air/Projects/CSMBD/generateinvoice/app/config/routes.php(15): require('/Users/m1air/Pr...')
#4 /Users/m1air/Projects/CSMBD/generateinvoice/app/config/routes.php(30): routeToController('/', Array)
#5 /Users/m1air/Projects/CSMBD/generateinvoice/app/init.php(21): require('/Users/m1air/Pr...')
#6 /Users/m1air/Projects/CSMBD/generateinvoice/public/index.php(3): require('/Users/m1air/Pr...')
#7 {main}
  thrown in /Users/m1air/Projects/CSMBD/generateinvoice/app/config/db_func.php on line 8
[29-Sep-2024 18:32:34 UTC] PHP Fatal error:  Uncaught Error: Call to undefined function nav() in /Users/m1air/Projects/CSMBD/generateinvoice/app/views/partials/_header.php:13
Stack trace:
#0 /Users/m1air/Projects/CSMBD/generateinvoice/app/views/404.php(20): htmlHeader()
#1 /Users/m1air/Projects/CSMBD/generateinvoice/app/config/routes.php(25): require('/Users/m1air/Pr...')
#2 /Users/m1air/Projects/CSMBD/generateinvoice/app/config/routes.php(17): abort()
#3 /Users/m1air/Projects/CSMBD/generateinvoice/app/config/routes.php(30): routeToController('/assets/images/...', Array)
#4 /Users/m1air/Projects/CSMBD/generateinvoice/app/init.php(21): require('/Users/m1air/Pr...')
#5 /Users/m1air/Projects/CSMBD/generateinvoice/public/index.php(3): require('/Users/m1air/Pr...')
#6 {main}
  thrown in /Users/m1air/Projects/CSMBD/generateinvoice/app/views/partials/_header.php on line 13
[29-Sep-2024 18:36:00 UTC] PHP Fatal error:  Uncaught Error: Call to undefined function nav() in /Users/m1air/Projects/CSMBD/generateinvoice/app/views/partials/_header.php:13
Stack trace:
#0 /Users/m1air/Projects/CSMBD/generateinvoice/app/views/404.php(20): htmlHeader()
#1 /Users/m1air/Projects/CSMBD/generateinvoice/app/config/routes.php(25): require('/Users/m1air/Pr...')
#2 /Users/m1air/Projects/CSMBD/generateinvoice/app/config/routes.php(17): abort()
#3 /Users/m1air/Projects/CSMBD/generateinvoice/app/config/routes.php(30): routeToController('/assets/images/...', Array)
#4 /Users/m1air/Projects/CSMBD/generateinvoice/app/init.php(21): require('/Users/m1air/Pr...')
#5 /Users/m1air/Projects/CSMBD/generateinvoice/public/index.php(3): require('/Users/m1air/Pr...')
#6 {main}
  thrown in /Users/m1air/Projects/CSMBD/generateinvoice/app/views/partials/_header.php on line 13
[29-Sep-2024 18:36:12 UTC] PHP Fatal error:  Uncaught Error: Call to undefined function nav() in /Users/m1air/Projects/CSMBD/generateinvoice/app/views/partials/_header.php:13
Stack trace:
#0 /Users/m1air/Projects/CSMBD/generateinvoice/app/views/404.php(20): htmlHeader()
#1 /Users/m1air/Projects/CSMBD/generateinvoice/app/config/routes.php(25): require('/Users/m1air/Pr...')
#2 /Users/m1air/Projects/CSMBD/generateinvoice/app/config/routes.php(17): abort()
#3 /Users/m1air/Projects/CSMBD/generateinvoice/app/config/routes.php(30): routeToController('/assets/images/...', Array)
#4 /Users/m1air/Projects/CSMBD/generateinvoice/app/init.php(21): require('/Users/m1air/Pr...')
#5 /Users/m1air/Projects/CSMBD/generateinvoice/public/index.php(3): require('/Users/m1air/Pr...')
#6 {main}
  thrown in /Users/m1air/Projects/CSMBD/generateinvoice/app/views/partials/_header.php on line 13
[29-Sep-2024 18:37:14 UTC] PHP Fatal error:  Uncaught Error: Call to undefined function nav() in /Users/m1air/Projects/CSMBD/generateinvoice/app/views/partials/_header.php:13
Stack trace:
#0 /Users/m1air/Projects/CSMBD/generateinvoice/app/views/404.php(20): htmlHeader()
#1 /Users/m1air/Projects/CSMBD/generateinvoice/app/config/routes.php(25): require('/Users/m1air/Pr...')
#2 /Users/m1air/Projects/CSMBD/generateinvoice/app/config/routes.php(17): abort()
#3 /Users/m1air/Projects/CSMBD/generateinvoice/app/config/routes.php(30): routeToController('/assets/images/...', Array)
#4 /Users/m1air/Projects/CSMBD/generateinvoice/app/init.php(21): require('/Users/m1air/Pr...')
#5 /Users/m1air/Projects/CSMBD/generateinvoice/public/index.php(3): require('/Users/m1air/Pr...')
#6 {main}
  thrown in /Users/m1air/Projects/CSMBD/generateinvoice/app/views/partials/_header.php on line 13
[29-Sep-2024 18:37:49 UTC] PHP Fatal error:  Uncaught Error: Call to undefined function nav() in /Users/m1air/Projects/CSMBD/generateinvoice/app/views/partials/_header.php:13
Stack trace:
#0 /Users/m1air/Projects/CSMBD/generateinvoice/app/views/404.php(20): htmlHeader()
#1 /Users/m1air/Projects/CSMBD/generateinvoice/app/config/routes.php(25): require('/Users/m1air/Pr...')
#2 /Users/m1air/Projects/CSMBD/generateinvoice/app/config/routes.php(17): abort()
#3 /Users/m1air/Projects/CSMBD/generateinvoice/app/config/routes.php(30): routeToController('/assets/images/...', Array)
#4 /Users/m1air/Projects/CSMBD/generateinvoice/app/init.php(21): require('/Users/m1air/Pr...')
#5 /Users/m1air/Projects/CSMBD/generateinvoice/public/index.php(3): require('/Users/m1air/Pr...')
#6 {main}
  thrown in /Users/m1air/Projects/CSMBD/generateinvoice/app/views/partials/_header.php on line 13
[29-Sep-2024 18:39:12 UTC] PHP Fatal error:  Uncaught Error: Call to undefined function nav() in /Users/m1air/Projects/CSMBD/generateinvoice/app/views/partials/_header.php:13
Stack trace:
#0 /Users/m1air/Projects/CSMBD/generateinvoice/app/views/404.php(20): htmlHeader()
#1 /Users/m1air/Projects/CSMBD/generateinvoice/app/config/routes.php(25): require('/Users/m1air/Pr...')
#2 /Users/m1air/Projects/CSMBD/generateinvoice/app/config/routes.php(17): abort()
#3 /Users/m1air/Projects/CSMBD/generateinvoice/app/config/routes.php(30): routeToController('/assets/images/...', Array)
#4 /Users/m1air/Projects/CSMBD/generateinvoice/app/init.php(21): require('/Users/m1air/Pr...')
#5 /Users/m1air/Projects/CSMBD/generateinvoice/public/index.php(3): require('/Users/m1air/Pr...')
#6 {main}
  thrown in /Users/m1air/Projects/CSMBD/generateinvoice/app/views/partials/_header.php on line 13
[29-Sep-2024 18:39:25 UTC] PHP Fatal error:  Uncaught Error: Call to undefined function nav() in /Users/m1air/Projects/CSMBD/generateinvoice/app/views/partials/_header.php:13
Stack trace:
#0 /Users/m1air/Projects/CSMBD/generateinvoice/app/views/404.php(20): htmlHeader()
#1 /Users/m1air/Projects/CSMBD/generateinvoice/app/config/routes.php(25): require('/Users/m1air/Pr...')
#2 /Users/m1air/Projects/CSMBD/generateinvoice/app/config/routes.php(17): abort()
#3 /Users/m1air/Projects/CSMBD/generateinvoice/app/config/routes.php(30): routeToController('/assets/images/...', Array)
#4 /Users/m1air/Projects/CSMBD/generateinvoice/app/init.php(21): require('/Users/m1air/Pr...')
#5 /Users/m1air/Projects/CSMBD/generateinvoice/public/index.php(3): require('/Users/m1air/Pr...')
#6 {main}
  thrown in /Users/m1air/Projects/CSMBD/generateinvoice/app/views/partials/_header.php on line 13
[29-Sep-2024 18:40:40 UTC] PHP Fatal error:  Uncaught Error: Call to undefined function nav() in /Users/m1air/Projects/CSMBD/generateinvoice/app/views/partials/_header.php:13
Stack trace:
#0 /Users/m1air/Projects/CSMBD/generateinvoice/app/views/404.php(20): htmlHeader()
#1 /Users/m1air/Projects/CSMBD/generateinvoice/app/config/routes.php(25): require('/Users/m1air/Pr...')
#2 /Users/m1air/Projects/CSMBD/generateinvoice/app/config/routes.php(17): abort()
#3 /Users/m1air/Projects/CSMBD/generateinvoice/app/config/routes.php(30): routeToController('/assets/images/...', Array)
#4 /Users/m1air/Projects/CSMBD/generateinvoice/app/init.php(21): require('/Users/m1air/Pr...')
#5 /Users/m1air/Projects/CSMBD/generateinvoice/public/index.php(3): require('/Users/m1air/Pr...')
#6 {main}
  thrown in /Users/m1air/Projects/CSMBD/generateinvoice/app/views/partials/_header.php on line 13
[29-Sep-2024 18:40:52 UTC] PHP Fatal error:  Uncaught Error: Call to undefined function nav() in /Users/m1air/Projects/CSMBD/generateinvoice/app/views/partials/_header.php:13
Stack trace:
#0 /Users/m1air/Projects/CSMBD/generateinvoice/app/views/404.php(20): htmlHeader()
#1 /Users/m1air/Projects/CSMBD/generateinvoice/app/config/routes.php(25): require('/Users/m1air/Pr...')
#2 /Users/m1air/Projects/CSMBD/generateinvoice/app/config/routes.php(17): abort()
#3 /Users/m1air/Projects/CSMBD/generateinvoice/app/config/routes.php(30): routeToController('/get_clients.ph...', Array)
#4 /Users/m1air/Projects/CSMBD/generateinvoice/app/init.php(21): require('/Users/m1air/Pr...')
#5 /Users/m1air/Projects/CSMBD/generateinvoice/public/index.php(3): require('/Users/m1air/Pr...')
#6 {main}
  thrown in /Users/m1air/Projects/CSMBD/generateinvoice/app/views/partials/_header.php on line 13
[29-Sep-2024 18:40:59 UTC] PHP Fatal error:  Uncaught Error: Call to undefined function nav() in /Users/m1air/Projects/CSMBD/generateinvoice/app/views/partials/_header.php:13
Stack trace:
#0 /Users/m1air/Projects/CSMBD/generateinvoice/app/views/404.php(20): htmlHeader()
#1 /Users/m1air/Projects/CSMBD/generateinvoice/app/config/routes.php(25): require('/Users/m1air/Pr...')
#2 /Users/m1air/Projects/CSMBD/generateinvoice/app/config/routes.php(17): abort()
#3 /Users/m1air/Projects/CSMBD/generateinvoice/app/config/routes.php(30): routeToController('/get_clients.ph...', Array)
#4 /Users/m1air/Projects/CSMBD/generateinvoice/app/init.php(21): require('/Users/m1air/Pr...')
#5 /Users/m1air/Projects/CSMBD/generateinvoice/public/index.php(3): require('/Users/m1air/Pr...')
#6 {main}
  thrown in /Users/m1air/Projects/CSMBD/generateinvoice/app/views/partials/_header.php on line 13
[29-Sep-2024 18:40:59 UTC] PHP Fatal error:  Uncaught Error: Call to undefined function nav() in /Users/m1air/Projects/CSMBD/generateinvoice/app/views/partials/_header.php:13
Stack trace:
#0 /Users/m1air/Projects/CSMBD/generateinvoice/app/views/404.php(20): htmlHeader()
#1 /Users/m1air/Projects/CSMBD/generateinvoice/app/config/routes.php(25): require('/Users/m1air/Pr...')
#2 /Users/m1air/Projects/CSMBD/generateinvoice/app/config/routes.php(17): abort()
#3 /Users/m1air/Projects/CSMBD/generateinvoice/app/config/routes.php(30): routeToController('/assets/images/...', Array)
#4 /Users/m1air/Projects/CSMBD/generateinvoice/app/init.php(21): require('/Users/m1air/Pr...')
#5 /Users/m1air/Projects/CSMBD/generateinvoice/public/index.php(3): require('/Users/m1air/Pr...')
#6 {main}
  thrown in /Users/m1air/Projects/CSMBD/generateinvoice/app/views/partials/_header.php on line 13
[29-Sep-2024 18:41:01 UTC] PHP Fatal error:  Uncaught Error: Call to undefined function nav() in /Users/m1air/Projects/CSMBD/generateinvoice/app/views/partials/_header.php:13
Stack trace:
#0 /Users/m1air/Projects/CSMBD/generateinvoice/app/views/404.php(20): htmlHeader()
#1 /Users/m1air/Projects/CSMBD/generateinvoice/app/config/routes.php(25): require('/Users/m1air/Pr...')
#2 /Users/m1air/Projects/CSMBD/generateinvoice/app/config/routes.php(17): abort()
#3 /Users/m1air/Projects/CSMBD/generateinvoice/app/config/routes.php(30): routeToController('/get_clients.ph...', Array)
#4 /Users/m1air/Projects/CSMBD/generateinvoice/app/init.php(21): require('/Users/m1air/Pr...')
#5 /Users/m1air/Projects/CSMBD/generateinvoice/public/index.php(3): require('/Users/m1air/Pr...')
#6 {main}
  thrown in /Users/m1air/Projects/CSMBD/generateinvoice/app/views/partials/_header.php on line 13
[29-Sep-2024 18:45:30 UTC] PHP Fatal error:  Uncaught Error: Call to undefined function nav() in /Users/m1air/Projects/CSMBD/generateinvoice/app/views/partials/_header.php:13
Stack trace:
#0 /Users/m1air/Projects/CSMBD/generateinvoice/app/views/404.php(20): htmlHeader()
#1 /Users/m1air/Projects/CSMBD/generateinvoice/app/config/routes.php(25): require('/Users/m1air/Pr...')
#2 /Users/m1air/Projects/CSMBD/generateinvoice/app/config/routes.php(17): abort()
#3 /Users/m1air/Projects/CSMBD/generateinvoice/app/config/routes.php(30): routeToController('/get_clients.ph...', Array)
#4 /Users/m1air/Projects/CSMBD/generateinvoice/app/init.php(21): require('/Users/m1air/Pr...')
#5 /Users/m1air/Projects/CSMBD/generateinvoice/public/index.php(3): require('/Users/m1air/Pr...')
#6 {main}
  thrown in /Users/m1air/Projects/CSMBD/generateinvoice/app/views/partials/_header.php on line 13
[29-Sep-2024 18:49:40 UTC] PHP Fatal error:  Uncaught Error: Call to undefined function nav() in /Users/m1air/Projects/CSMBD/generateinvoice/app/views/partials/_header.php:13
Stack trace:
#0 /Users/m1air/Projects/CSMBD/generateinvoice/app/views/404.php(20): htmlHeader()
#1 /Users/m1air/Projects/CSMBD/generateinvoice/app/config/routes.php(25): require('/Users/m1air/Pr...')
#2 /Users/m1air/Projects/CSMBD/generateinvoice/app/config/routes.php(17): abort()
#3 /Users/m1air/Projects/CSMBD/generateinvoice/app/config/routes.php(30): routeToController('/get_clients.ph...', Array)
#4 /Users/m1air/Projects/CSMBD/generateinvoice/app/init.php(21): require('/Users/m1air/Pr...')
#5 /Users/m1air/Projects/CSMBD/generateinvoice/public/index.php(3): require('/Users/m1air/Pr...')
#6 {main}
  thrown in /Users/m1air/Projects/CSMBD/generateinvoice/app/views/partials/_header.php on line 13
[29-Sep-2024 18:49:41 UTC] PHP Fatal error:  Uncaught Error: Call to undefined function nav() in /Users/m1air/Projects/CSMBD/generateinvoice/app/views/partials/_header.php:13
Stack trace:
#0 /Users/m1air/Projects/CSMBD/generateinvoice/app/views/404.php(20): htmlHeader()
#1 /Users/m1air/Projects/CSMBD/generateinvoice/app/config/routes.php(25): require('/Users/m1air/Pr...')
#2 /Users/m1air/Projects/CSMBD/generateinvoice/app/config/routes.php(17): abort()
#3 /Users/m1air/Projects/CSMBD/generateinvoice/app/config/routes.php(30): routeToController('/assets/images/...', Array)
#4 /Users/m1air/Projects/CSMBD/generateinvoice/app/init.php(21): require('/Users/m1air/Pr...')
#5 /Users/m1air/Projects/CSMBD/generateinvoice/public/index.php(3): require('/Users/m1air/Pr...')
#6 {main}
  thrown in /Users/m1air/Projects/CSMBD/generateinvoice/app/views/partials/_header.php on line 13
[29-Sep-2024 18:49:42 UTC] PHP Fatal error:  Uncaught Error: Call to undefined function nav() in /Users/m1air/Projects/CSMBD/generateinvoice/app/views/partials/_header.php:13
Stack trace:
#0 /Users/m1air/Projects/CSMBD/generateinvoice/app/views/404.php(20): htmlHeader()
#1 /Users/m1air/Projects/CSMBD/generateinvoice/app/config/routes.php(25): require('/Users/m1air/Pr...')
#2 /Users/m1air/Projects/CSMBD/generateinvoice/app/config/routes.php(17): abort()
#3 /Users/m1air/Projects/CSMBD/generateinvoice/app/config/routes.php(30): routeToController('/CTRLS%20.%20/c...', Array)
#4 /Users/m1air/Projects/CSMBD/generateinvoice/app/init.php(21): require('/Users/m1air/Pr...')
#5 /Users/m1air/Projects/CSMBD/generateinvoice/public/index.php(3): require('/Users/m1air/Pr...')
#6 {main}
  thrown in /Users/m1air/Projects/CSMBD/generateinvoice/app/views/partials/_header.php on line 13
[29-Sep-2024 18:49:57 UTC] PHP Fatal error:  Uncaught Error: Call to undefined function nav() in /Users/m1air/Projects/CSMBD/generateinvoice/app/views/partials/_header.php:13
Stack trace:
#0 /Users/m1air/Projects/CSMBD/generateinvoice/app/views/404.php(20): htmlHeader()
#1 /Users/m1air/Projects/CSMBD/generateinvoice/app/config/routes.php(25): require('/Users/m1air/Pr...')
#2 /Users/m1air/Projects/CSMBD/generateinvoice/app/config/routes.php(17): abort()
#3 /Users/m1air/Projects/CSMBD/generateinvoice/app/config/routes.php(30): routeToController('/CTRLS%20.%20/c...', Array)
#4 /Users/m1air/Projects/CSMBD/generateinvoice/app/init.php(21): require('/Users/m1air/Pr...')
#5 /Users/m1air/Projects/CSMBD/generateinvoice/public/index.php(3): require('/Users/m1air/Pr...')
#6 {main}
  thrown in /Users/m1air/Projects/CSMBD/generateinvoice/app/views/partials/_header.php on line 13
[29-Sep-2024 18:49:57 UTC] PHP Fatal error:  Uncaught Error: Call to undefined function nav() in /Users/m1air/Projects/CSMBD/generateinvoice/app/views/partials/_header.php:13
Stack trace:
#0 /Users/m1air/Projects/CSMBD/generateinvoice/app/views/404.php(20): htmlHeader()
#1 /Users/m1air/Projects/CSMBD/generateinvoice/app/config/routes.php(25): require('/Users/m1air/Pr...')
#2 /Users/m1air/Projects/CSMBD/generateinvoice/app/config/routes.php(17): abort()
#3 /Users/m1air/Projects/CSMBD/generateinvoice/app/config/routes.php(30): routeToController('/assets/images/...', Array)
#4 /Users/m1air/Projects/CSMBD/generateinvoice/app/init.php(21): require('/Users/m1air/Pr...')
#5 /Users/m1air/Projects/CSMBD/generateinvoice/public/index.php(3): require('/Users/m1air/Pr...')
#6 {main}
  thrown in /Users/m1air/Projects/CSMBD/generateinvoice/app/views/partials/_header.php on line 13
[29-Sep-2024 18:49:59 UTC] PHP Fatal error:  Uncaught Error: Call to undefined function nav() in /Users/m1air/Projects/CSMBD/generateinvoice/app/views/partials/_header.php:13
Stack trace:
#0 /Users/m1air/Projects/CSMBD/generateinvoice/app/views/404.php(20): htmlHeader()
#1 /Users/m1air/Projects/CSMBD/generateinvoice/app/config/routes.php(25): require('/Users/m1air/Pr...')
#2 /Users/m1air/Projects/CSMBD/generateinvoice/app/config/routes.php(17): abort()
#3 /Users/m1air/Projects/CSMBD/generateinvoice/app/config/routes.php(30): routeToController('/clients.php', Array)
#4 /Users/m1air/Projects/CSMBD/generateinvoice/app/init.php(21): require('/Users/m1air/Pr...')
#5 /Users/m1air/Projects/CSMBD/generateinvoice/public/index.php(3): require('/Users/m1air/Pr...')
#6 {main}
  thrown in /Users/m1air/Projects/CSMBD/generateinvoice/app/views/partials/_header.php on line 13
[29-Sep-2024 18:56:20 UTC] PHP Fatal error:  Uncaught Error: Call to undefined function nav() in /Users/m1air/Projects/CSMBD/generateinvoice/app/views/partials/_header.php:13
Stack trace:
#0 /Users/m1air/Projects/CSMBD/generateinvoice/app/views/404.php(20): htmlHeader()
#1 /Users/m1air/Projects/CSMBD/generateinvoice/app/config/routes.php(23): require('/Users/m1air/Pr...')
#2 /Users/m1air/Projects/CSMBD/generateinvoice/app/config/routes.php(15): abort()
#3 /Users/m1air/Projects/CSMBD/generateinvoice/app/config/routes.php(28): routeToController('/clients.php', Array)
#4 /Users/m1air/Projects/CSMBD/generateinvoice/app/init.php(21): require('/Users/m1air/Pr...')
#5 /Users/m1air/Projects/CSMBD/generateinvoice/public/index.php(3): require('/Users/m1air/Pr...')
#6 {main}
  thrown in /Users/m1air/Projects/CSMBD/generateinvoice/app/views/partials/_header.php on line 13
[29-Sep-2024 18:56:20 UTC] PHP Fatal error:  Uncaught Error: Call to undefined function nav() in /Users/m1air/Projects/CSMBD/generateinvoice/app/views/partials/_header.php:13
Stack trace:
#0 /Users/m1air/Projects/CSMBD/generateinvoice/app/views/404.php(20): htmlHeader()
#1 /Users/m1air/Projects/CSMBD/generateinvoice/app/config/routes.php(23): require('/Users/m1air/Pr...')
#2 /Users/m1air/Projects/CSMBD/generateinvoice/app/config/routes.php(15): abort()
#3 /Users/m1air/Projects/CSMBD/generateinvoice/app/config/routes.php(28): routeToController('/assets/images/...', Array)
#4 /Users/m1air/Projects/CSMBD/generateinvoice/app/init.php(21): require('/Users/m1air/Pr...')
#5 /Users/m1air/Projects/CSMBD/generateinvoice/public/index.php(3): require('/Users/m1air/Pr...')
#6 {main}
  thrown in /Users/m1air/Projects/CSMBD/generateinvoice/app/views/partials/_header.php on line 13
[29-Sep-2024 18:57:02 UTC] PHP Fatal error:  Uncaught Error: Call to undefined function nav() in /Users/m1air/Projects/CSMBD/generateinvoice/app/views/partials/_header.php:13
Stack trace:
#0 /Users/m1air/Projects/CSMBD/generateinvoice/app/views/404.php(20): htmlHeader()
#1 /Users/m1air/Projects/CSMBD/generateinvoice/app/config/routes.php(23): require('/Users/m1air/Pr...')
#2 /Users/m1air/Projects/CSMBD/generateinvoice/app/config/routes.php(15): abort()
#3 /Users/m1air/Projects/CSMBD/generateinvoice/app/config/routes.php(28): routeToController('/assets/images/...', Array)
#4 /Users/m1air/Projects/CSMBD/generateinvoice/app/init.php(21): require('/Users/m1air/Pr...')
#5 /Users/m1air/Projects/CSMBD/generateinvoice/public/index.php(3): require('/Users/m1air/Pr...')
#6 {main}
  thrown in /Users/m1air/Projects/CSMBD/generateinvoice/app/views/partials/_header.php on line 13
[29-Sep-2024 18:57:35 UTC] PHP Fatal error:  Uncaught Error: Call to undefined function nav() in /Users/m1air/Projects/CSMBD/generateinvoice/app/views/partials/_header.php:13
Stack trace:
#0 /Users/m1air/Projects/CSMBD/generateinvoice/app/views/404.php(20): htmlHeader()
#1 /Users/m1air/Projects/CSMBD/generateinvoice/app/config/routes.php(23): require('/Users/m1air/Pr...')
#2 /Users/m1air/Projects/CSMBD/generateinvoice/app/config/routes.php(15): abort()
#3 /Users/m1air/Projects/CSMBD/generateinvoice/app/config/routes.php(28): routeToController('/assets/images/...', Array)
#4 /Users/m1air/Projects/CSMBD/generateinvoice/app/init.php(21): require('/Users/m1air/Pr...')
#5 /Users/m1air/Projects/CSMBD/generateinvoice/public/index.php(3): require('/Users/m1air/Pr...')
#6 {main}
  thrown in /Users/m1air/Projects/CSMBD/generateinvoice/app/views/partials/_header.php on line 13
[29-Sep-2024 18:57:37 UTC] PHP Fatal error:  Uncaught Error: Call to undefined function nav() in /Users/m1air/Projects/CSMBD/generateinvoice/app/views/partials/_header.php:13
Stack trace:
#0 /Users/m1air/Projects/CSMBD/generateinvoice/app/views/404.php(20): htmlHeader()
#1 /Users/m1air/Projects/CSMBD/generateinvoice/app/config/routes.php(23): require('/Users/m1air/Pr...')
#2 /Users/m1air/Projects/CSMBD/generateinvoice/app/config/routes.php(15): abort()
#3 /Users/m1air/Projects/CSMBD/generateinvoice/app/config/routes.php(28): routeToController('/assets/images/...', Array)
#4 /Users/m1air/Projects/CSMBD/generateinvoice/app/init.php(21): require('/Users/m1air/Pr...')
#5 /Users/m1air/Projects/CSMBD/generateinvoice/public/index.php(3): require('/Users/m1air/Pr...')
#6 {main}
  thrown in /Users/m1air/Projects/CSMBD/generateinvoice/app/views/partials/_header.php on line 13
[29-Sep-2024 18:57:43 UTC] PHP Fatal error:  Uncaught Error: Call to undefined function nav() in /Users/m1air/Projects/CSMBD/generateinvoice/app/views/partials/_header.php:13
Stack trace:
#0 /Users/m1air/Projects/CSMBD/generateinvoice/app/views/404.php(20): htmlHeader()
#1 /Users/m1air/Projects/CSMBD/generateinvoice/app/config/routes.php(23): require('/Users/m1air/Pr...')
#2 /Users/m1air/Projects/CSMBD/generateinvoice/app/config/routes.php(15): abort()
#3 /Users/m1air/Projects/CSMBD/generateinvoice/app/config/routes.php(28): routeToController('/assets/images/...', Array)
#4 /Users/m1air/Projects/CSMBD/generateinvoice/app/init.php(21): require('/Users/m1air/Pr...')
#5 /Users/m1air/Projects/CSMBD/generateinvoice/public/index.php(3): require('/Users/m1air/Pr...')
#6 {main}
  thrown in /Users/m1air/Projects/CSMBD/generateinvoice/app/views/partials/_header.php on line 13
[29-Sep-2024 18:58:46 UTC] PHP Fatal error:  Uncaught Error: Call to undefined function nav() in /Users/m1air/Projects/CSMBD/generateinvoice/app/views/partials/_header.php:13
Stack trace:
#0 /Users/m1air/Projects/CSMBD/generateinvoice/app/views/404.php(20): htmlHeader()
#1 /Users/m1air/Projects/CSMBD/generateinvoice/app/config/routes.php(23): require('/Users/m1air/Pr...')
#2 /Users/m1air/Projects/CSMBD/generateinvoice/app/config/routes.php(15): abort()
#3 /Users/m1air/Projects/CSMBD/generateinvoice/app/config/routes.php(28): routeToController('/assets/images/...', Array)
#4 /Users/m1air/Projects/CSMBD/generateinvoice/app/init.php(21): require('/Users/m1air/Pr...')
#5 /Users/m1air/Projects/CSMBD/generateinvoice/public/index.php(3): require('/Users/m1air/Pr...')
#6 {main}
  thrown in /Users/m1air/Projects/CSMBD/generateinvoice/app/views/partials/_header.php on line 13
[29-Sep-2024 18:59:05 UTC] PHP Fatal error:  Uncaught Error: Call to undefined function nav() in /Users/m1air/Projects/CSMBD/generateinvoice/app/views/partials/_header.php:13
Stack trace:
#0 /Users/m1air/Projects/CSMBD/generateinvoice/app/views/404.php(20): htmlHeader()
#1 /Users/m1air/Projects/CSMBD/generateinvoice/app/config/routes.php(23): require('/Users/m1air/Pr...')
#2 /Users/m1air/Projects/CSMBD/generateinvoice/app/config/routes.php(15): abort()
#3 /Users/m1air/Projects/CSMBD/generateinvoice/app/config/routes.php(28): routeToController('/assets/images/...', Array)
#4 /Users/m1air/Projects/CSMBD/generateinvoice/app/init.php(21): require('/Users/m1air/Pr...')
#5 /Users/m1air/Projects/CSMBD/generateinvoice/public/index.php(3): require('/Users/m1air/Pr...')
#6 {main}
  thrown in /Users/m1air/Projects/CSMBD/generateinvoice/app/views/partials/_header.php on line 13
[29-Sep-2024 19:01:27 UTC] PHP Fatal error:  Uncaught Error: Call to undefined function nav() in /Users/m1air/Projects/CSMBD/generateinvoice/app/views/partials/_header.php:13
Stack trace:
#0 /Users/m1air/Projects/CSMBD/generateinvoice/app/views/404.php(20): htmlHeader()
#1 /Users/m1air/Projects/CSMBD/generateinvoice/app/config/routes.php(23): require('/Users/m1air/Pr...')
#2 /Users/m1air/Projects/CSMBD/generateinvoice/app/config/routes.php(15): abort()
#3 /Users/m1air/Projects/CSMBD/generateinvoice/app/config/routes.php(28): routeToController('/assets/images/...', Array)
#4 /Users/m1air/Projects/CSMBD/generateinvoice/app/init.php(21): require('/Users/m1air/Pr...')
#5 /Users/m1air/Projects/CSMBD/generateinvoice/public/index.php(3): require('/Users/m1air/Pr...')
#6 {main}
  thrown in /Users/m1air/Projects/CSMBD/generateinvoice/app/views/partials/_header.php on line 13
[29-Sep-2024 19:01:33 UTC] PHP Fatal error:  Uncaught Error: Call to undefined function nav() in /Users/m1air/Projects/CSMBD/generateinvoice/app/views/partials/_header.php:13
Stack trace:
#0 /Users/m1air/Projects/CSMBD/generateinvoice/app/views/404.php(20): htmlHeader()
#1 /Users/m1air/Projects/CSMBD/generateinvoice/app/config/routes.php(23): require('/Users/m1air/Pr...')
#2 /Users/m1air/Projects/CSMBD/generateinvoice/app/config/routes.php(15): abort()
#3 /Users/m1air/Projects/CSMBD/generateinvoice/app/config/routes.php(28): routeToController('/assets/images/...', Array)
#4 /Users/m1air/Projects/CSMBD/generateinvoice/app/init.php(21): require('/Users/m1air/Pr...')
#5 /Users/m1air/Projects/CSMBD/generateinvoice/public/index.php(3): require('/Users/m1air/Pr...')
#6 {main}
  thrown in /Users/m1air/Projects/CSMBD/generateinvoice/app/views/partials/_header.php on line 13
[29-Sep-2024 19:09:15 UTC] PHP Fatal error:  Uncaught Error: Call to undefined function nav() in /Users/m1air/Projects/CSMBD/generateinvoice/app/views/partials/_header.php:13
Stack trace:
#0 /Users/m1air/Projects/CSMBD/generateinvoice/app/views/404.php(20): htmlHeader()
#1 /Users/m1air/Projects/CSMBD/generateinvoice/app/config/routes.php(23): require('/Users/m1air/Pr...')
#2 /Users/m1air/Projects/CSMBD/generateinvoice/app/config/routes.php(15): abort()
#3 /Users/m1air/Projects/CSMBD/generateinvoice/app/config/routes.php(28): routeToController('/assets/images/...', Array)
#4 /Users/m1air/Projects/CSMBD/generateinvoice/app/init.php(21): require('/Users/m1air/Pr...')
#5 /Users/m1air/Projects/CSMBD/generateinvoice/public/index.php(3): require('/Users/m1air/Pr...')
#6 {main}
  thrown in /Users/m1air/Projects/CSMBD/generateinvoice/app/views/partials/_header.php on line 13
[29-Sep-2024 19:11:56 UTC] PHP Fatal error:  Uncaught Error: Call to undefined function nav() in /Users/m1air/Projects/CSMBD/generateinvoice/app/views/partials/_header.php:13
Stack trace:
#0 /Users/m1air/Projects/CSMBD/generateinvoice/app/views/404.php(20): htmlHeader()
#1 /Users/m1air/Projects/CSMBD/generateinvoice/app/config/routes.php(24): require('/Users/m1air/Pr...')
#2 /Users/m1air/Projects/CSMBD/generateinvoice/app/config/routes.php(16): abort()
#3 /Users/m1air/Projects/CSMBD/generateinvoice/app/config/routes.php(29): routeToController('/assets/images/...', Array)
#4 /Users/m1air/Projects/CSMBD/generateinvoice/app/init.php(21): require('/Users/m1air/Pr...')
#5 /Users/m1air/Projects/CSMBD/generateinvoice/public/index.php(3): require('/Users/m1air/Pr...')
#6 {main}
  thrown in /Users/m1air/Projects/CSMBD/generateinvoice/app/views/partials/_header.php on line 13
[29-Sep-2024 19:12:01 UTC] PHP Fatal error:  Uncaught Error: Call to undefined function nav() in /Users/m1air/Projects/CSMBD/generateinvoice/app/views/partials/_header.php:13
Stack trace:
#0 /Users/m1air/Projects/CSMBD/generateinvoice/app/views/404.php(20): htmlHeader()
#1 /Users/m1air/Projects/CSMBD/generateinvoice/app/config/routes.php(24): require('/Users/m1air/Pr...')
#2 /Users/m1air/Projects/CSMBD/generateinvoice/app/config/routes.php(16): abort()
#3 /Users/m1air/Projects/CSMBD/generateinvoice/app/config/routes.php(29): routeToController('/assets/images/...', Array)
#4 /Users/m1air/Projects/CSMBD/generateinvoice/app/init.php(21): require('/Users/m1air/Pr...')
#5 /Users/m1air/Projects/CSMBD/generateinvoice/public/index.php(3): require('/Users/m1air/Pr...')
#6 {main}
  thrown in /Users/m1air/Projects/CSMBD/generateinvoice/app/views/partials/_header.php on line 13
[29-Sep-2024 19:13:23 UTC] PHP Fatal error:  Uncaught Error: Call to undefined function nav() in /Users/m1air/Projects/CSMBD/generateinvoice/app/views/partials/_header.php:13
Stack trace:
#0 /Users/m1air/Projects/CSMBD/generateinvoice/app/views/404.php(20): htmlHeader()
#1 /Users/m1air/Projects/CSMBD/generateinvoice/app/config/routes.php(24): require('/Users/m1air/Pr...')
#2 /Users/m1air/Projects/CSMBD/generateinvoice/app/config/routes.php(16): abort()
#3 /Users/m1air/Projects/CSMBD/generateinvoice/app/config/routes.php(29): routeToController('/assets/images/...', Array)
#4 /Users/m1air/Projects/CSMBD/generateinvoice/app/init.php(21): require('/Users/m1air/Pr...')
#5 /Users/m1air/Projects/CSMBD/generateinvoice/public/index.php(3): require('/Users/m1air/Pr...')
#6 {main}
  thrown in /Users/m1air/Projects/CSMBD/generateinvoice/app/views/partials/_header.php on line 13
[29-Sep-2024 19:20:28 UTC] PHP Fatal error:  Uncaught Error: Call to undefined function nav() in /Users/m1air/Projects/CSMBD/generateinvoice/app/views/partials/_header.php:13
Stack trace:
#0 /Users/m1air/Projects/CSMBD/generateinvoice/app/views/404.php(20): htmlHeader()
#1 /Users/m1air/Projects/CSMBD/generateinvoice/app/config/routes.php(24): require('/Users/m1air/Pr...')
#2 /Users/m1air/Projects/CSMBD/generateinvoice/app/config/routes.php(16): abort()
#3 /Users/m1air/Projects/CSMBD/generateinvoice/app/config/routes.php(29): routeToController('/assets/images/...', Array)
#4 /Users/m1air/Projects/CSMBD/generateinvoice/app/init.php(21): require('/Users/m1air/Pr...')
#5 /Users/m1air/Projects/CSMBD/generateinvoice/public/index.php(3): require('/Users/m1air/Pr...')
#6 {main}
  thrown in /Users/m1air/Projects/CSMBD/generateinvoice/app/views/partials/_header.php on line 13
[29-Sep-2024 19:20:31 UTC] PHP Fatal error:  Uncaught Error: Call to undefined function nav() in /Users/m1air/Projects/CSMBD/generateinvoice/app/views/partials/_header.php:13
Stack trace:
#0 /Users/m1air/Projects/CSMBD/generateinvoice/app/views/404.php(20): htmlHeader()
#1 /Users/m1air/Projects/CSMBD/generateinvoice/app/config/routes.php(24): require('/Users/m1air/Pr...')
#2 /Users/m1air/Projects/CSMBD/generateinvoice/app/config/routes.php(16): abort()
#3 /Users/m1air/Projects/CSMBD/generateinvoice/app/config/routes.php(29): routeToController('/assets/images/...', Array)
#4 /Users/m1air/Projects/CSMBD/generateinvoice/app/init.php(21): require('/Users/m1air/Pr...')
#5 /Users/m1air/Projects/CSMBD/generateinvoice/public/index.php(3): require('/Users/m1air/Pr...')
#6 {main}
  thrown in /Users/m1air/Projects/CSMBD/generateinvoice/app/views/partials/_header.php on line 13
[29-Sep-2024 19:20:38 UTC] PHP Fatal error:  Uncaught Error: Call to undefined function nav() in /Users/m1air/Projects/CSMBD/generateinvoice/app/views/partials/_header.php:13
Stack trace:
#0 /Users/m1air/Projects/CSMBD/generateinvoice/app/views/404.php(20): htmlHeader()
#1 /Users/m1air/Projects/CSMBD/generateinvoice/app/config/routes.php(24): require('/Users/m1air/Pr...')
#2 /Users/m1air/Projects/CSMBD/generateinvoice/app/config/routes.php(16): abort()
#3 /Users/m1air/Projects/CSMBD/generateinvoice/app/config/routes.php(29): routeToController('/assets/images/...', Array)
#4 /Users/m1air/Projects/CSMBD/generateinvoice/app/init.php(21): require('/Users/m1air/Pr...')
#5 /Users/m1air/Projects/CSMBD/generateinvoice/public/index.php(3): require('/Users/m1air/Pr...')
#6 {main}
  thrown in /Users/m1air/Projects/CSMBD/generateinvoice/app/views/partials/_header.php on line 13
[29-Sep-2024 19:21:21 UTC] PHP Fatal error:  Uncaught Error: Call to undefined function nav() in /Users/m1air/Projects/CSMBD/generateinvoice/app/views/partials/_header.php:13
Stack trace:
#0 /Users/m1air/Projects/CSMBD/generateinvoice/app/views/404.php(20): htmlHeader()
#1 /Users/m1air/Projects/CSMBD/generateinvoice/app/config/routes.php(24): require('/Users/m1air/Pr...')
#2 /Users/m1air/Projects/CSMBD/generateinvoice/app/config/routes.php(16): abort()
#3 /Users/m1air/Projects/CSMBD/generateinvoice/app/config/routes.php(29): routeToController('/assets/images/...', Array)
#4 /Users/m1air/Projects/CSMBD/generateinvoice/app/init.php(21): require('/Users/m1air/Pr...')
#5 /Users/m1air/Projects/CSMBD/generateinvoice/public/index.php(3): require('/Users/m1air/Pr...')
#6 {main}
  thrown in /Users/m1air/Projects/CSMBD/generateinvoice/app/views/partials/_header.php on line 13
[29-Sep-2024 19:21:25 UTC] PHP Fatal error:  Uncaught Error: Call to undefined function nav() in /Users/m1air/Projects/CSMBD/generateinvoice/app/views/partials/_header.php:13
Stack trace:
#0 /Users/m1air/Projects/CSMBD/generateinvoice/app/views/404.php(20): htmlHeader()
#1 /Users/m1air/Projects/CSMBD/generateinvoice/app/config/routes.php(24): require('/Users/m1air/Pr...')
#2 /Users/m1air/Projects/CSMBD/generateinvoice/app/config/routes.php(16): abort()
#3 /Users/m1air/Projects/CSMBD/generateinvoice/app/config/routes.php(29): routeToController('/assets/images/...', Array)
#4 /Users/m1air/Projects/CSMBD/generateinvoice/app/init.php(21): require('/Users/m1air/Pr...')
#5 /Users/m1air/Projects/CSMBD/generateinvoice/public/index.php(3): require('/Users/m1air/Pr...')
#6 {main}
  thrown in /Users/m1air/Projects/CSMBD/generateinvoice/app/views/partials/_header.php on line 13
[29-Sep-2024 19:21:26 UTC] PHP Fatal error:  Uncaught PDOException: SQLSTATE[HY093]: Invalid parameter number: parameter was not defined in /Users/m1air/Projects/CSMBD/generateinvoice/app/config/db_func.php:9
Stack trace:
#0 /Users/m1air/Projects/CSMBD/generateinvoice/app/config/db_func.php(9): PDOStatement->execute(Array)
#1 /Users/m1air/Projects/CSMBD/generateinvoice/app/config/db_func.php(21): dbQuery('SELECT client_n...', Array)
#2 /Users/m1air/Projects/CSMBD/generateinvoice/app/controllers/clients.php(7): dbFetchAll('SELECT client_n...', Array, 7)
#3 /Users/m1air/Projects/CSMBD/generateinvoice/app/config/routes.php(14): require('/Users/m1air/Pr...')
#4 /Users/m1air/Projects/CSMBD/generateinvoice/app/config/routes.php(29): routeToController('/clients', Array)
#5 /Users/m1air/Projects/CSMBD/generateinvoice/app/init.php(21): require('/Users/m1air/Pr...')
#6 /Users/m1air/Projects/CSMBD/generateinvoice/public/index.php(3): require('/Users/m1air/Pr...')
#7 {main}
  thrown in /Users/m1air/Projects/CSMBD/generateinvoice/app/config/db_func.php on line 9
[29-Sep-2024 19:21:27 UTC] PHP Fatal error:  Uncaught Error: Call to undefined function nav() in /Users/m1air/Projects/CSMBD/generateinvoice/app/views/partials/_header.php:13
Stack trace:
#0 /Users/m1air/Projects/CSMBD/generateinvoice/app/views/404.php(20): htmlHeader()
#1 /Users/m1air/Projects/CSMBD/generateinvoice/app/config/routes.php(24): require('/Users/m1air/Pr...')
#2 /Users/m1air/Projects/CSMBD/generateinvoice/app/config/routes.php(16): abort()
#3 /Users/m1air/Projects/CSMBD/generateinvoice/app/config/routes.php(29): routeToController('/assets/images/...', Array)
#4 /Users/m1air/Projects/CSMBD/generateinvoice/app/init.php(21): require('/Users/m1air/Pr...')
#5 /Users/m1air/Projects/CSMBD/generateinvoice/public/index.php(3): require('/Users/m1air/Pr...')
#6 {main}
  thrown in /Users/m1air/Projects/CSMBD/generateinvoice/app/views/partials/_header.php on line 13
[29-Sep-2024 19:21:37 UTC] PHP Fatal error:  Uncaught Error: Call to undefined function nav() in /Users/m1air/Projects/CSMBD/generateinvoice/app/views/partials/_header.php:13
Stack trace:
#0 /Users/m1air/Projects/CSMBD/generateinvoice/app/views/404.php(20): htmlHeader()
#1 /Users/m1air/Projects/CSMBD/generateinvoice/app/config/routes.php(24): require('/Users/m1air/Pr...')
#2 /Users/m1air/Projects/CSMBD/generateinvoice/app/config/routes.php(16): abort()
#3 /Users/m1air/Projects/CSMBD/generateinvoice/app/config/routes.php(29): routeToController('/assets/images/...', Array)
#4 /Users/m1air/Projects/CSMBD/generateinvoice/app/init.php(21): require('/Users/m1air/Pr...')
#5 /Users/m1air/Projects/CSMBD/generateinvoice/public/index.php(3): require('/Users/m1air/Pr...')
#6 {main}
  thrown in /Users/m1air/Projects/CSMBD/generateinvoice/app/views/partials/_header.php on line 13
[29-Sep-2024 19:21:39 UTC] PHP Fatal error:  Uncaught Error: Call to undefined function nav() in /Users/m1air/Projects/CSMBD/generateinvoice/app/views/partials/_header.php:13
Stack trace:
#0 /Users/m1air/Projects/CSMBD/generateinvoice/app/views/404.php(20): htmlHeader()
#1 /Users/m1air/Projects/CSMBD/generateinvoice/app/config/routes.php(24): require('/Users/m1air/Pr...')
#2 /Users/m1air/Projects/CSMBD/generateinvoice/app/config/routes.php(16): abort()
#3 /Users/m1air/Projects/CSMBD/generateinvoice/app/config/routes.php(29): routeToController('/assets/images/...', Array)
#4 /Users/m1air/Projects/CSMBD/generateinvoice/app/init.php(21): require('/Users/m1air/Pr...')
#5 /Users/m1air/Projects/CSMBD/generateinvoice/public/index.php(3): require('/Users/m1air/Pr...')
#6 {main}
  thrown in /Users/m1air/Projects/CSMBD/generateinvoice/app/views/partials/_header.php on line 13
[29-Sep-2024 19:22:05 UTC] PHP Fatal error:  Uncaught Error: Call to undefined function nav() in /Users/m1air/Projects/CSMBD/generateinvoice/app/views/partials/_header.php:13
Stack trace:
#0 /Users/m1air/Projects/CSMBD/generateinvoice/app/views/404.php(20): htmlHeader()
#1 /Users/m1air/Projects/CSMBD/generateinvoice/app/config/routes.php(24): require('/Users/m1air/Pr...')
#2 /Users/m1air/Projects/CSMBD/generateinvoice/app/config/routes.php(16): abort()
#3 /Users/m1air/Projects/CSMBD/generateinvoice/app/config/routes.php(29): routeToController('/assets/images/...', Array)
#4 /Users/m1air/Projects/CSMBD/generateinvoice/app/init.php(21): require('/Users/m1air/Pr...')
#5 /Users/m1air/Projects/CSMBD/generateinvoice/public/index.php(3): require('/Users/m1air/Pr...')
#6 {main}
  thrown in /Users/m1air/Projects/CSMBD/generateinvoice/app/views/partials/_header.php on line 13
[29-Sep-2024 19:22:13 UTC] PHP Fatal error:  Uncaught Error: Call to undefined function nav() in /Users/m1air/Projects/CSMBD/generateinvoice/app/views/partials/_header.php:13
Stack trace:
#0 /Users/m1air/Projects/CSMBD/generateinvoice/app/views/404.php(20): htmlHeader()
#1 /Users/m1air/Projects/CSMBD/generateinvoice/app/config/routes.php(24): require('/Users/m1air/Pr...')
#2 /Users/m1air/Projects/CSMBD/generateinvoice/app/config/routes.php(16): abort()
#3 /Users/m1air/Projects/CSMBD/generateinvoice/app/config/routes.php(29): routeToController('/assets/images/...', Array)
#4 /Users/m1air/Projects/CSMBD/generateinvoice/app/init.php(21): require('/Users/m1air/Pr...')
#5 /Users/m1air/Projects/CSMBD/generateinvoice/public/index.php(3): require('/Users/m1air/Pr...')
#6 {main}
  thrown in /Users/m1air/Projects/CSMBD/generateinvoice/app/views/partials/_header.php on line 13
[29-Sep-2024 19:22:18 UTC] PHP Fatal error:  Uncaught Error: Call to undefined function nav() in /Users/m1air/Projects/CSMBD/generateinvoice/app/views/partials/_header.php:13
Stack trace:
#0 /Users/m1air/Projects/CSMBD/generateinvoice/app/views/404.php(20): htmlHeader()
#1 /Users/m1air/Projects/CSMBD/generateinvoice/app/config/routes.php(24): require('/Users/m1air/Pr...')
#2 /Users/m1air/Projects/CSMBD/generateinvoice/app/config/routes.php(16): abort()
#3 /Users/m1air/Projects/CSMBD/generateinvoice/app/config/routes.php(29): routeToController('/assets/images/...', Array)
#4 /Users/m1air/Projects/CSMBD/generateinvoice/app/init.php(21): require('/Users/m1air/Pr...')
#5 /Users/m1air/Projects/CSMBD/generateinvoice/public/index.php(3): require('/Users/m1air/Pr...')
#6 {main}
  thrown in /Users/m1air/Projects/CSMBD/generateinvoice/app/views/partials/_header.php on line 13
[29-Sep-2024 19:22:21 UTC] PHP Fatal error:  Uncaught Error: Call to undefined function nav() in /Users/m1air/Projects/CSMBD/generateinvoice/app/views/partials/_header.php:13
Stack trace:
#0 /Users/m1air/Projects/CSMBD/generateinvoice/app/views/404.php(20): htmlHeader()
#1 /Users/m1air/Projects/CSMBD/generateinvoice/app/config/routes.php(24): require('/Users/m1air/Pr...')
#2 /Users/m1air/Projects/CSMBD/generateinvoice/app/config/routes.php(16): abort()
#3 /Users/m1air/Projects/CSMBD/generateinvoice/app/config/routes.php(29): routeToController('/assets/images/...', Array)
#4 /Users/m1air/Projects/CSMBD/generateinvoice/app/init.php(21): require('/Users/m1air/Pr...')
#5 /Users/m1air/Projects/CSMBD/generateinvoice/public/index.php(3): require('/Users/m1air/Pr...')
#6 {main}
  thrown in /Users/m1air/Projects/CSMBD/generateinvoice/app/views/partials/_header.php on line 13
[29-Sep-2024 19:23:14 UTC] PHP Fatal error:  Uncaught Error: Call to undefined function nav() in /Users/m1air/Projects/CSMBD/generateinvoice/app/views/partials/_header.php:13
Stack trace:
#0 /Users/m1air/Projects/CSMBD/generateinvoice/app/views/404.php(20): htmlHeader()
#1 /Users/m1air/Projects/CSMBD/generateinvoice/app/config/routes.php(24): require('/Users/m1air/Pr...')
#2 /Users/m1air/Projects/CSMBD/generateinvoice/app/config/routes.php(16): abort()
#3 /Users/m1air/Projects/CSMBD/generateinvoice/app/config/routes.php(29): routeToController('/assets/images/...', Array)
#4 /Users/m1air/Projects/CSMBD/generateinvoice/app/init.php(21): require('/Users/m1air/Pr...')
#5 /Users/m1air/Projects/CSMBD/generateinvoice/public/index.php(3): require('/Users/m1air/Pr...')
#6 {main}
  thrown in /Users/m1air/Projects/CSMBD/generateinvoice/app/views/partials/_header.php on line 13
[29-Sep-2024 19:23:17 UTC] PHP Fatal error:  Uncaught Error: Call to undefined function nav() in /Users/m1air/Projects/CSMBD/generateinvoice/app/views/partials/_header.php:13
Stack trace:
#0 /Users/m1air/Projects/CSMBD/generateinvoice/app/views/404.php(20): htmlHeader()
#1 /Users/m1air/Projects/CSMBD/generateinvoice/app/config/routes.php(24): require('/Users/m1air/Pr...')
#2 /Users/m1air/Projects/CSMBD/generateinvoice/app/config/routes.php(16): abort()
#3 /Users/m1air/Projects/CSMBD/generateinvoice/app/config/routes.php(29): routeToController('/assets/images/...', Array)
#4 /Users/m1air/Projects/CSMBD/generateinvoice/app/init.php(21): require('/Users/m1air/Pr...')
#5 /Users/m1air/Projects/CSMBD/generateinvoice/public/index.php(3): require('/Users/m1air/Pr...')
#6 {main}
  thrown in /Users/m1air/Projects/CSMBD/generateinvoice/app/views/partials/_header.php on line 13
[29-Sep-2024 19:24:56 UTC] PHP Fatal error:  Uncaught Error: Call to undefined function nav() in /Users/m1air/Projects/CSMBD/generateinvoice/app/views/partials/_header.php:13
Stack trace:
#0 /Users/m1air/Projects/CSMBD/generateinvoice/app/views/404.php(20): htmlHeader()
#1 /Users/m1air/Projects/CSMBD/generateinvoice/app/config/routes.php(24): require('/Users/m1air/Pr...')
#2 /Users/m1air/Projects/CSMBD/generateinvoice/app/config/routes.php(16): abort()
#3 /Users/m1air/Projects/CSMBD/generateinvoice/app/config/routes.php(29): routeToController('/assets/images/...', Array)
#4 /Users/m1air/Projects/CSMBD/generateinvoice/app/init.php(21): require('/Users/m1air/Pr...')
#5 /Users/m1air/Projects/CSMBD/generateinvoice/public/index.php(3): require('/Users/m1air/Pr...')
#6 {main}
  thrown in /Users/m1air/Projects/CSMBD/generateinvoice/app/views/partials/_header.php on line 13
[29-Sep-2024 19:25:07 UTC] PHP Fatal error:  Uncaught Error: Call to undefined function nav() in /Users/m1air/Projects/CSMBD/generateinvoice/app/views/partials/_header.php:13
Stack trace:
#0 /Users/m1air/Projects/CSMBD/generateinvoice/app/views/404.php(20): htmlHeader()
#1 /Users/m1air/Projects/CSMBD/generateinvoice/app/config/routes.php(24): require('/Users/m1air/Pr...')
#2 /Users/m1air/Projects/CSMBD/generateinvoice/app/config/routes.php(16): abort()
#3 /Users/m1air/Projects/CSMBD/generateinvoice/app/config/routes.php(29): routeToController('/assets/images/...', Array)
#4 /Users/m1air/Projects/CSMBD/generateinvoice/app/init.php(21): require('/Users/m1air/Pr...')
#5 /Users/m1air/Projects/CSMBD/generateinvoice/public/index.php(3): require('/Users/m1air/Pr...')
#6 {main}
  thrown in /Users/m1air/Projects/CSMBD/generateinvoice/app/views/partials/_header.php on line 13
[29-Sep-2024 19:25:12 UTC] PHP Fatal error:  Uncaught Error: Call to undefined function nav() in /Users/m1air/Projects/CSMBD/generateinvoice/app/views/partials/_header.php:13
Stack trace:
#0 /Users/m1air/Projects/CSMBD/generateinvoice/app/views/404.php(20): htmlHeader()
#1 /Users/m1air/Projects/CSMBD/generateinvoice/app/config/routes.php(24): require('/Users/m1air/Pr...')
#2 /Users/m1air/Projects/CSMBD/generateinvoice/app/config/routes.php(16): abort()
#3 /Users/m1air/Projects/CSMBD/generateinvoice/app/config/routes.php(29): routeToController('/assets/images/...', Array)
#4 /Users/m1air/Projects/CSMBD/generateinvoice/app/init.php(21): require('/Users/m1air/Pr...')
#5 /Users/m1air/Projects/CSMBD/generateinvoice/public/index.php(3): require('/Users/m1air/Pr...')
#6 {main}
  thrown in /Users/m1air/Projects/CSMBD/generateinvoice/app/views/partials/_header.php on line 13
[29-Sep-2024 19:41:34 UTC] PHP Fatal error:  Uncaught Error: Call to undefined function nav() in /Users/m1air/Projects/CSMBD/generateinvoice/app/views/partials/_header.php:13
Stack trace:
#0 /Users/m1air/Projects/CSMBD/generateinvoice/app/views/404.php(20): htmlHeader()
#1 /Users/m1air/Projects/CSMBD/generateinvoice/app/config/routes.php(24): require('/Users/m1air/Pr...')
#2 /Users/m1air/Projects/CSMBD/generateinvoice/app/config/routes.php(16): abort()
#3 /Users/m1air/Projects/CSMBD/generateinvoice/app/config/routes.php(29): routeToController('/assets/images/...', Array)
#4 /Users/m1air/Projects/CSMBD/generateinvoice/app/init.php(21): require('/Users/m1air/Pr...')
#5 /Users/m1air/Projects/CSMBD/generateinvoice/public/index.php(3): require('/Users/m1air/Pr...')
#6 {main}
  thrown in /Users/m1air/Projects/CSMBD/generateinvoice/app/views/partials/_header.php on line 13
[29-Sep-2024 19:41:34 UTC] PHP Fatal error:  Uncaught Error: Call to undefined function nav() in /Users/m1air/Projects/CSMBD/generateinvoice/app/views/partials/_header.php:13
Stack trace:
#0 /Users/m1air/Projects/CSMBD/generateinvoice/app/views/404.php(20): htmlHeader()
#1 /Users/m1air/Projects/CSMBD/generateinvoice/app/config/routes.php(24): require('/Users/m1air/Pr...')
#2 /Users/m1air/Projects/CSMBD/generateinvoice/app/config/routes.php(16): abort()
#3 /Users/m1air/Projects/CSMBD/generateinvoice/app/config/routes.php(29): routeToController('/assets/images/...', Array)
#4 /Users/m1air/Projects/CSMBD/generateinvoice/app/init.php(21): require('/Users/m1air/Pr...')
#5 /Users/m1air/Projects/CSMBD/generateinvoice/public/index.php(3): require('/Users/m1air/Pr...')
#6 {main}
  thrown in /Users/m1air/Projects/CSMBD/generateinvoice/app/views/partials/_header.php on line 13
[29-Sep-2024 19:41:42 UTC] PHP Fatal error:  Uncaught Error: Call to undefined function nav() in /Users/m1air/Projects/CSMBD/generateinvoice/app/views/partials/_header.php:13
Stack trace:
#0 /Users/m1air/Projects/CSMBD/generateinvoice/app/views/404.php(20): htmlHeader()
#1 /Users/m1air/Projects/CSMBD/generateinvoice/app/config/routes.php(24): require('/Users/m1air/Pr...')
#2 /Users/m1air/Projects/CSMBD/generateinvoice/app/config/routes.php(16): abort()
#3 /Users/m1air/Projects/CSMBD/generateinvoice/app/config/routes.php(29): routeToController('/assets/images/...', Array)
#4 /Users/m1air/Projects/CSMBD/generateinvoice/app/init.php(21): require('/Users/m1air/Pr...')
#5 /Users/m1air/Projects/CSMBD/generateinvoice/public/index.php(3): require('/Users/m1air/Pr...')
#6 {main}
  thrown in /Users/m1air/Projects/CSMBD/generateinvoice/app/views/partials/_header.php on line 13
[29-Sep-2024 19:41:44 UTC] PHP Fatal error:  Uncaught Error: Call to undefined function nav() in /Users/m1air/Projects/CSMBD/generateinvoice/app/views/partials/_header.php:13
Stack trace:
#0 /Users/m1air/Projects/CSMBD/generateinvoice/app/views/404.php(20): htmlHeader()
#1 /Users/m1air/Projects/CSMBD/generateinvoice/app/config/routes.php(24): require('/Users/m1air/Pr...')
#2 /Users/m1air/Projects/CSMBD/generateinvoice/app/config/routes.php(16): abort()
#3 /Users/m1air/Projects/CSMBD/generateinvoice/app/config/routes.php(29): routeToController('/assets/images/...', Array)
#4 /Users/m1air/Projects/CSMBD/generateinvoice/app/init.php(21): require('/Users/m1air/Pr...')
#5 /Users/m1air/Projects/CSMBD/generateinvoice/public/index.php(3): require('/Users/m1air/Pr...')
#6 {main}
  thrown in /Users/m1air/Projects/CSMBD/generateinvoice/app/views/partials/_header.php on line 13
[29-Sep-2024 19:46:00 UTC] PHP Fatal error:  Uncaught Error: Call to undefined function nav() in /Users/m1air/Projects/CSMBD/generateinvoice/app/views/partials/_header.php:13
Stack trace:
#0 /Users/m1air/Projects/CSMBD/generateinvoice/app/views/404.php(20): htmlHeader()
#1 /Users/m1air/Projects/CSMBD/generateinvoice/app/config/routes.php(24): require('/Users/m1air/Pr...')
#2 /Users/m1air/Projects/CSMBD/generateinvoice/app/config/routes.php(16): abort()
#3 /Users/m1air/Projects/CSMBD/generateinvoice/app/config/routes.php(29): routeToController('/assets/images/...', Array)
#4 /Users/m1air/Projects/CSMBD/generateinvoice/app/init.php(21): require('/Users/m1air/Pr...')
#5 /Users/m1air/Projects/CSMBD/generateinvoice/public/index.php(3): require('/Users/m1air/Pr...')
#6 {main}
  thrown in /Users/m1air/Projects/CSMBD/generateinvoice/app/views/partials/_header.php on line 13
[29-Sep-2024 19:47:10 UTC] PHP Fatal error:  Uncaught Error: Call to undefined function nav() in /Users/m1air/Projects/CSMBD/generateinvoice/app/views/partials/_header.php:13
Stack trace:
#0 /Users/m1air/Projects/CSMBD/generateinvoice/app/views/404.php(20): htmlHeader()
#1 /Users/m1air/Projects/CSMBD/generateinvoice/app/config/routes.php(24): require('/Users/m1air/Pr...')
#2 /Users/m1air/Projects/CSMBD/generateinvoice/app/config/routes.php(16): abort()
#3 /Users/m1air/Projects/CSMBD/generateinvoice/app/config/routes.php(29): routeToController('/assets/images/...', Array)
#4 /Users/m1air/Projects/CSMBD/generateinvoice/app/init.php(21): require('/Users/m1air/Pr...')
#5 /Users/m1air/Projects/CSMBD/generateinvoice/public/index.php(3): require('/Users/m1air/Pr...')
#6 {main}
  thrown in /Users/m1air/Projects/CSMBD/generateinvoice/app/views/partials/_header.php on line 13
[29-Sep-2024 19:47:14 UTC] PHP Fatal error:  Uncaught Error: Call to undefined function nav() in /Users/m1air/Projects/CSMBD/generateinvoice/app/views/partials/_header.php:13
Stack trace:
#0 /Users/m1air/Projects/CSMBD/generateinvoice/app/views/404.php(20): htmlHeader()
#1 /Users/m1air/Projects/CSMBD/generateinvoice/app/config/routes.php(24): require('/Users/m1air/Pr...')
#2 /Users/m1air/Projects/CSMBD/generateinvoice/app/config/routes.php(16): abort()
#3 /Users/m1air/Projects/CSMBD/generateinvoice/app/config/routes.php(29): routeToController('/assets/images/...', Array)
#4 /Users/m1air/Projects/CSMBD/generateinvoice/app/init.php(21): require('/Users/m1air/Pr...')
#5 /Users/m1air/Projects/CSMBD/generateinvoice/public/index.php(3): require('/Users/m1air/Pr...')
#6 {main}
  thrown in /Users/m1air/Projects/CSMBD/generateinvoice/app/views/partials/_header.php on line 13
[29-Sep-2024 19:49:44 UTC] PHP Fatal error:  Uncaught Error: Call to undefined function nav() in /Users/m1air/Projects/CSMBD/generateinvoice/app/views/partials/_header.php:13
Stack trace:
#0 /Users/m1air/Projects/CSMBD/generateinvoice/app/views/404.php(20): htmlHeader()
#1 /Users/m1air/Projects/CSMBD/generateinvoice/app/config/routes.php(24): require('/Users/m1air/Pr...')
#2 /Users/m1air/Projects/CSMBD/generateinvoice/app/config/routes.php(16): abort()
#3 /Users/m1air/Projects/CSMBD/generateinvoice/app/config/routes.php(29): routeToController('/assets/images/...', Array)
#4 /Users/m1air/Projects/CSMBD/generateinvoice/app/init.php(21): require('/Users/m1air/Pr...')
#5 /Users/m1air/Projects/CSMBD/generateinvoice/public/index.php(3): require('/Users/m1air/Pr...')
#6 {main}
  thrown in /Users/m1air/Projects/CSMBD/generateinvoice/app/views/partials/_header.php on line 13
[29-Sep-2024 19:49:51 UTC] PHP Fatal error:  Uncaught Error: Call to undefined function nav() in /Users/m1air/Projects/CSMBD/generateinvoice/app/views/partials/_header.php:13
Stack trace:
#0 /Users/m1air/Projects/CSMBD/generateinvoice/app/views/404.php(20): htmlHeader()
#1 /Users/m1air/Projects/CSMBD/generateinvoice/app/config/routes.php(24): require('/Users/m1air/Pr...')
#2 /Users/m1air/Projects/CSMBD/generateinvoice/app/config/routes.php(16): abort()
#3 /Users/m1air/Projects/CSMBD/generateinvoice/app/config/routes.php(29): routeToController('/assets/images/...', Array)
#4 /Users/m1air/Projects/CSMBD/generateinvoice/app/init.php(21): require('/Users/m1air/Pr...')
#5 /Users/m1air/Projects/CSMBD/generateinvoice/public/index.php(3): require('/Users/m1air/Pr...')
#6 {main}
  thrown in /Users/m1air/Projects/CSMBD/generateinvoice/app/views/partials/_header.php on line 13
[29-Sep-2024 19:50:11 UTC] PHP Fatal error:  Uncaught Error: Call to undefined function nav() in /Users/m1air/Projects/CSMBD/generateinvoice/app/views/partials/_header.php:13
Stack trace:
#0 /Users/m1air/Projects/CSMBD/generateinvoice/app/views/404.php(20): htmlHeader()
#1 /Users/m1air/Projects/CSMBD/generateinvoice/app/config/routes.php(24): require('/Users/m1air/Pr...')
#2 /Users/m1air/Projects/CSMBD/generateinvoice/app/config/routes.php(16): abort()
#3 /Users/m1air/Projects/CSMBD/generateinvoice/app/config/routes.php(29): routeToController('/assets/images/...', Array)
#4 /Users/m1air/Projects/CSMBD/generateinvoice/app/init.php(21): require('/Users/m1air/Pr...')
#5 /Users/m1air/Projects/CSMBD/generateinvoice/public/index.php(3): require('/Users/m1air/Pr...')
#6 {main}
  thrown in /Users/m1air/Projects/CSMBD/generateinvoice/app/views/partials/_header.php on line 13
[29-Sep-2024 19:50:13 UTC] PHP Fatal error:  Uncaught Error: Call to undefined function nav() in /Users/m1air/Projects/CSMBD/generateinvoice/app/views/partials/_header.php:13
Stack trace:
#0 /Users/m1air/Projects/CSMBD/generateinvoice/app/views/404.php(20): htmlHeader()
#1 /Users/m1air/Projects/CSMBD/generateinvoice/app/config/routes.php(24): require('/Users/m1air/Pr...')
#2 /Users/m1air/Projects/CSMBD/generateinvoice/app/config/routes.php(16): abort()
#3 /Users/m1air/Projects/CSMBD/generateinvoice/app/config/routes.php(29): routeToController('/assets/images/...', Array)
#4 /Users/m1air/Projects/CSMBD/generateinvoice/app/init.php(21): require('/Users/m1air/Pr...')
#5 /Users/m1air/Projects/CSMBD/generateinvoice/public/index.php(3): require('/Users/m1air/Pr...')
#6 {main}
  thrown in /Users/m1air/Projects/CSMBD/generateinvoice/app/views/partials/_header.php on line 13
[30-Sep-2024 04:22:43 UTC] PHP Fatal error:  Uncaught Error: Call to undefined function nav() in /Users/m1air/Projects/CSMBD/generateinvoice/app/views/partials/_header.php:13
Stack trace:
#0 /Users/m1air/Projects/CSMBD/generateinvoice/app/views/404.php(20): htmlHeader()
#1 /Users/m1air/Projects/CSMBD/generateinvoice/app/config/routes.php(24): require('/Users/m1air/Pr...')
#2 /Users/m1air/Projects/CSMBD/generateinvoice/app/config/routes.php(16): abort()
#3 /Users/m1air/Projects/CSMBD/generateinvoice/app/config/routes.php(29): routeToController('/assets/images/...', Array)
#4 /Users/m1air/Projects/CSMBD/generateinvoice/app/init.php(21): require('/Users/m1air/Pr...')
#5 /Users/m1air/Projects/CSMBD/generateinvoice/public/index.php(5): require('/Users/m1air/Pr...')
#6 {main}
  thrown in /Users/m1air/Projects/CSMBD/generateinvoice/app/views/partials/_header.php on line 13
[30-Sep-2024 04:22:51 UTC] PHP Fatal error:  Uncaught Error: Call to undefined function nav() in /Users/m1air/Projects/CSMBD/generateinvoice/app/views/partials/_header.php:13
Stack trace:
#0 /Users/m1air/Projects/CSMBD/generateinvoice/app/views/404.php(20): htmlHeader()
#1 /Users/m1air/Projects/CSMBD/generateinvoice/app/config/routes.php(24): require('/Users/m1air/Pr...')
#2 /Users/m1air/Projects/CSMBD/generateinvoice/app/config/routes.php(16): abort()
#3 /Users/m1air/Projects/CSMBD/generateinvoice/app/config/routes.php(29): routeToController('/assets/images/...', Array)
#4 /Users/m1air/Projects/CSMBD/generateinvoice/app/init.php(21): require('/Users/m1air/Pr...')
#5 /Users/m1air/Projects/CSMBD/generateinvoice/public/index.php(5): require('/Users/m1air/Pr...')
#6 {main}
  thrown in /Users/m1air/Projects/CSMBD/generateinvoice/app/views/partials/_header.php on line 13
[30-Sep-2024 18:17:16 UTC] PHP Fatal error:  Uncaught Error: Call to undefined function nav() in /Users/m1air/Projects/CSMBD/generateinvoice/app/views/partials/_header.php:13
Stack trace:
#0 /Users/m1air/Projects/CSMBD/generateinvoice/app/views/404.php(20): htmlHeader()
#1 /Users/m1air/Projects/CSMBD/generateinvoice/app/config/routes.php(24): require('/Users/m1air/Pr...')
#2 /Users/m1air/Projects/CSMBD/generateinvoice/app/config/routes.php(16): abort()
#3 /Users/m1air/Projects/CSMBD/generateinvoice/app/config/routes.php(29): routeToController('/assets/images/...', Array)
#4 /Users/m1air/Projects/CSMBD/generateinvoice/app/init.php(21): require('/Users/m1air/Pr...')
#5 /Users/m1air/Projects/CSMBD/generateinvoice/public/index.php(3): require('/Users/m1air/Pr...')
#6 {main}
  thrown in /Users/m1air/Projects/CSMBD/generateinvoice/app/views/partials/_header.php on line 13
[30-Sep-2024 18:17:33 UTC] PHP Fatal error:  Uncaught Error: Call to undefined function nav() in /Users/m1air/Projects/CSMBD/generateinvoice/app/views/partials/_header.php:13
Stack trace:
#0 /Users/m1air/Projects/CSMBD/generateinvoice/app/views/404.php(20): htmlHeader()
#1 /Users/m1air/Projects/CSMBD/generateinvoice/app/config/routes.php(24): require('/Users/m1air/Pr...')
#2 /Users/m1air/Projects/CSMBD/generateinvoice/app/config/routes.php(16): abort()
#3 /Users/m1air/Projects/CSMBD/generateinvoice/app/config/routes.php(29): routeToController('/assets/images/...', Array)
#4 /Users/m1air/Projects/CSMBD/generateinvoice/app/init.php(21): require('/Users/m1air/Pr...')
#5 /Users/m1air/Projects/CSMBD/generateinvoice/public/index.php(3): require('/Users/m1air/Pr...')
#6 {main}
  thrown in /Users/m1air/Projects/CSMBD/generateinvoice/app/views/partials/_header.php on line 13
[30-Sep-2024 18:42:26 UTC] PHP Fatal error:  Uncaught Error: Call to undefined function nav() in /Users/m1air/Projects/CSMBD/generateinvoice/app/views/partials/_header.php:13
Stack trace:
#0 /Users/m1air/Projects/CSMBD/generateinvoice/app/views/404.php(20): htmlHeader()
#1 /Users/m1air/Projects/CSMBD/generateinvoice/app/config/routes.php(25): require('/Users/m1air/Pr...')
#2 /Users/m1air/Projects/CSMBD/generateinvoice/app/config/routes.php(17): abort()
#3 /Users/m1air/Projects/CSMBD/generateinvoice/app/config/routes.php(30): routeToController('/assets/images/...', Array)
#4 /Users/m1air/Projects/CSMBD/generateinvoice/app/init.php(21): require('/Users/m1air/Pr...')
#5 /Users/m1air/Projects/CSMBD/generateinvoice/public/index.php(3): require('/Users/m1air/Pr...')
#6 {main}
  thrown in /Users/m1air/Projects/CSMBD/generateinvoice/app/views/partials/_header.php on line 13
[30-Sep-2024 18:42:31 UTC] PHP Warning:  require(/Users/m1air/Projects/CSMBD/generateinvoice/app/controllers/generate-pdf.php): Failed to open stream: No such file or directory in /Users/m1air/Projects/CSMBD/generateinvoice/app/config/routes.php on line 15
[30-Sep-2024 18:42:31 UTC] PHP Fatal error:  Uncaught Error: Failed opening required '/Users/m1air/Projects/CSMBD/generateinvoice/app/controllers/generate-pdf.php' (include_path='.:/Applications/MAMP/bin/php/php8.2.0/lib/php') in /Users/m1air/Projects/CSMBD/generateinvoice/app/config/routes.php:15
Stack trace:
#0 /Users/m1air/Projects/CSMBD/generateinvoice/app/config/routes.php(30): routeToController('/generate-pdf', Array)
#1 /Users/m1air/Projects/CSMBD/generateinvoice/app/init.php(21): require('/Users/m1air/Pr...')
#2 /Users/m1air/Projects/CSMBD/generateinvoice/public/index.php(3): require('/Users/m1air/Pr...')
#3 {main}
  thrown in /Users/m1air/Projects/CSMBD/generateinvoice/app/config/routes.php on line 15
[30-Sep-2024 18:42:51 UTC] PHP Warning:  require(/Users/m1air/Projects/CSMBD/generateinvoice/app/controllers/generate-pdf.php): Failed to open stream: No such file or directory in /Users/m1air/Projects/CSMBD/generateinvoice/app/config/routes.php on line 15
[30-Sep-2024 18:42:51 UTC] PHP Fatal error:  Uncaught Error: Failed opening required '/Users/m1air/Projects/CSMBD/generateinvoice/app/controllers/generate-pdf.php' (include_path='.:/Applications/MAMP/bin/php/php8.2.0/lib/php') in /Users/m1air/Projects/CSMBD/generateinvoice/app/config/routes.php:15
Stack trace:
#0 /Users/m1air/Projects/CSMBD/generateinvoice/app/config/routes.php(30): routeToController('/generate-pdf', Array)
#1 /Users/m1air/Projects/CSMBD/generateinvoice/app/init.php(21): require('/Users/m1air/Pr...')
#2 /Users/m1air/Projects/CSMBD/generateinvoice/public/index.php(3): require('/Users/m1air/Pr...')
#3 {main}
  thrown in /Users/m1air/Projects/CSMBD/generateinvoice/app/config/routes.php on line 15
[30-Sep-2024 18:48:51 UTC] PHP Fatal error:  Uncaught Error: Call to undefined function nav() in /Users/m1air/Projects/CSMBD/generateinvoice/app/views/partials/_header.php:13
Stack trace:
#0 /Users/m1air/Projects/CSMBD/generateinvoice/app/views/404.php(20): htmlHeader()
#1 /Users/m1air/Projects/CSMBD/generateinvoice/app/config/routes.php(25): require('/Users/m1air/Pr...')
#2 /Users/m1air/Projects/CSMBD/generateinvoice/app/config/routes.php(17): abort()
#3 /Users/m1air/Projects/CSMBD/generateinvoice/app/config/routes.php(30): routeToController('/assets/images/...', Array)
#4 /Users/m1air/Projects/CSMBD/generateinvoice/app/init.php(21): require('/Users/m1air/Pr...')
#5 /Users/m1air/Projects/CSMBD/generateinvoice/public/index.php(3): require('/Users/m1air/Pr...')
#6 {main}
  thrown in /Users/m1air/Projects/CSMBD/generateinvoice/app/views/partials/_header.php on line 13
[30-Sep-2024 18:56:40 UTC] PHP Fatal error:  Uncaught Error: Call to undefined function nav() in /Users/m1air/Projects/CSMBD/generateinvoice/app/views/partials/_header.php:13
Stack trace:
#0 /Users/m1air/Projects/CSMBD/generateinvoice/app/views/404.php(20): htmlHeader()
#1 /Users/m1air/Projects/CSMBD/generateinvoice/app/config/routes.php(25): require('/Users/m1air/Pr...')
#2 /Users/m1air/Projects/CSMBD/generateinvoice/app/config/routes.php(17): abort()
#3 /Users/m1air/Projects/CSMBD/generateinvoice/app/config/routes.php(30): routeToController('/assets/images/...', Array)
#4 /Users/m1air/Projects/CSMBD/generateinvoice/app/init.php(21): require('/Users/m1air/Pr...')
#5 /Users/m1air/Projects/CSMBD/generateinvoice/public/index.php(3): require('/Users/m1air/Pr...')
#6 {main}
  thrown in /Users/m1air/Projects/CSMBD/generateinvoice/app/views/partials/_header.php on line 13
[30-Sep-2024 18:57:38 UTC] PHP Fatal error:  Uncaught Error: Call to undefined function nav() in /Users/m1air/Projects/CSMBD/generateinvoice/app/views/partials/_header.php:13
Stack trace:
#0 /Users/m1air/Projects/CSMBD/generateinvoice/app/views/404.php(20): htmlHeader()
#1 /Users/m1air/Projects/CSMBD/generateinvoice/app/config/routes.php(25): require('/Users/m1air/Pr...')
#2 /Users/m1air/Projects/CSMBD/generateinvoice/app/config/routes.php(17): abort()
#3 /Users/m1air/Projects/CSMBD/generateinvoice/app/config/routes.php(30): routeToController('/assets/images/...', Array)
#4 /Users/m1air/Projects/CSMBD/generateinvoice/app/init.php(21): require('/Users/m1air/Pr...')
#5 /Users/m1air/Projects/CSMBD/generateinvoice/public/index.php(3): require('/Users/m1air/Pr...')
#6 {main}
  thrown in /Users/m1air/Projects/CSMBD/generateinvoice/app/views/partials/_header.php on line 13
[30-Sep-2024 19:06:16 UTC] PHP Fatal error:  Uncaught Error: Call to undefined function nav() in /Users/m1air/Projects/CSMBD/generateinvoice/app/views/partials/_header.php:13
Stack trace:
#0 /Users/m1air/Projects/CSMBD/generateinvoice/app/views/404.php(20): htmlHeader()
#1 /Users/m1air/Projects/CSMBD/generateinvoice/app/config/routes.php(25): require('/Users/m1air/Pr...')
#2 /Users/m1air/Projects/CSMBD/generateinvoice/app/config/routes.php(17): abort()
#3 /Users/m1air/Projects/CSMBD/generateinvoice/app/config/routes.php(30): routeToController('/assets/images/...', Array)
#4 /Users/m1air/Projects/CSMBD/generateinvoice/app/init.php(21): require('/Users/m1air/Pr...')
#5 /Users/m1air/Projects/CSMBD/generateinvoice/public/index.php(3): require('/Users/m1air/Pr...')
#6 {main}
  thrown in /Users/m1air/Projects/CSMBD/generateinvoice/app/views/partials/_header.php on line 13
[30-Sep-2024 19:06:26 UTC] PHP Fatal error:  Uncaught Error: Call to undefined function nav() in /Users/m1air/Projects/CSMBD/generateinvoice/app/views/partials/_header.php:13
Stack trace:
#0 /Users/m1air/Projects/CSMBD/generateinvoice/app/views/404.php(20): htmlHeader()
#1 /Users/m1air/Projects/CSMBD/generateinvoice/app/config/routes.php(25): require('/Users/m1air/Pr...')
#2 /Users/m1air/Projects/CSMBD/generateinvoice/app/config/routes.php(17): abort()
#3 /Users/m1air/Projects/CSMBD/generateinvoice/app/config/routes.php(30): routeToController('/assets/images/...', Array)
#4 /Users/m1air/Projects/CSMBD/generateinvoice/app/init.php(21): require('/Users/m1air/Pr...')
#5 /Users/m1air/Projects/CSMBD/generateinvoice/public/index.php(3): require('/Users/m1air/Pr...')
#6 {main}
  thrown in /Users/m1air/Projects/CSMBD/generateinvoice/app/views/partials/_header.php on line 13
[30-Sep-2024 19:19:28 UTC] PHP Fatal error:  Uncaught Error: Call to undefined function nav() in /Users/m1air/Projects/CSMBD/generateinvoice/app/views/partials/_header.php:13
Stack trace:
#0 /Users/m1air/Projects/CSMBD/generateinvoice/app/views/404.php(20): htmlHeader()
#1 /Users/m1air/Projects/CSMBD/generateinvoice/app/config/routes.php(25): require('/Users/m1air/Pr...')
#2 /Users/m1air/Projects/CSMBD/generateinvoice/app/config/routes.php(17): abort()
#3 /Users/m1air/Projects/CSMBD/generateinvoice/app/config/routes.php(30): routeToController('/assets/images/...', Array)
#4 /Users/m1air/Projects/CSMBD/generateinvoice/app/init.php(21): require('/Users/m1air/Pr...')
#5 /Users/m1air/Projects/CSMBD/generateinvoice/public/index.php(3): require('/Users/m1air/Pr...')
#6 {main}
  thrown in /Users/m1air/Projects/CSMBD/generateinvoice/app/views/partials/_header.php on line 13
[30-Sep-2024 19:20:59 UTC] PHP Fatal error:  Uncaught Error: Call to undefined function nav() in /Users/m1air/Projects/CSMBD/generateinvoice/app/views/partials/_header.php:13
Stack trace:
#0 /Users/m1air/Projects/CSMBD/generateinvoice/app/views/404.php(20): htmlHeader()
#1 /Users/m1air/Projects/CSMBD/generateinvoice/app/config/routes.php(25): require('/Users/m1air/Pr...')
#2 /Users/m1air/Projects/CSMBD/generateinvoice/app/config/routes.php(17): abort()
#3 /Users/m1air/Projects/CSMBD/generateinvoice/app/config/routes.php(30): routeToController('/assets/images/...', Array)
#4 /Users/m1air/Projects/CSMBD/generateinvoice/app/init.php(21): require('/Users/m1air/Pr...')
#5 /Users/m1air/Projects/CSMBD/generateinvoice/public/index.php(3): require('/Users/m1air/Pr...')
#6 {main}
  thrown in /Users/m1air/Projects/CSMBD/generateinvoice/app/views/partials/_header.php on line 13
[30-Sep-2024 19:29:53 UTC] PHP Fatal error:  Uncaught Error: Call to undefined function nav() in /Users/m1air/Projects/CSMBD/generateinvoice/app/views/partials/_header.php:13
Stack trace:
#0 /Users/m1air/Projects/CSMBD/generateinvoice/app/views/404.php(20): htmlHeader()
#1 /Users/m1air/Projects/CSMBD/generateinvoice/app/config/routes.php(25): require('/Users/m1air/Pr...')
#2 /Users/m1air/Projects/CSMBD/generateinvoice/app/config/routes.php(17): abort()
#3 /Users/m1air/Projects/CSMBD/generateinvoice/app/config/routes.php(30): routeToController('/assets/images/...', Array)
#4 /Users/m1air/Projects/CSMBD/generateinvoice/app/init.php(21): require('/Users/m1air/Pr...')
#5 /Users/m1air/Projects/CSMBD/generateinvoice/public/index.php(3): require('/Users/m1air/Pr...')
#6 {main}
  thrown in /Users/m1air/Projects/CSMBD/generateinvoice/app/views/partials/_header.php on line 13
[30-Sep-2024 19:42:14 UTC] PHP Fatal error:  Uncaught PDOException: SQLSTATE[21000]: Cardinality violation: 1241 Operand should contain 1 column(s) in /Users/m1air/Projects/CSMBD/generateinvoice/app/config/db_func.php:8
Stack trace:
#0 /Users/m1air/Projects/CSMBD/generateinvoice/app/config/db_func.php(8): PDO->prepare('SELECT (item, p...')
#1 /Users/m1air/Projects/CSMBD/generateinvoice/app/config/db_func.php(21): dbQuery('SELECT (item, p...', Array)
#2 /Users/m1air/Projects/CSMBD/generateinvoice/app/controllers/generate_pdf.php(10): dbFetchAll('SELECT (item, p...', Array)
#3 /Users/m1air/Projects/CSMBD/generateinvoice/app/config/routes.php(15): require('/Users/m1air/Pr...')
#4 /Users/m1air/Projects/CSMBD/generateinvoice/app/config/routes.php(30): routeToController('/generate-pdf', Array)
#5 /Users/m1air/Projects/CSMBD/generateinvoice/app/init.php(21): require('/Users/m1air/Pr...')
#6 /Users/m1air/Projects/CSMBD/generateinvoice/public/index.php(3): require('/Users/m1air/Pr...')
#7 {main}
  thrown in /Users/m1air/Projects/CSMBD/generateinvoice/app/config/db_func.php on line 8
[30-Sep-2024 19:44:56 UTC] PHP Fatal error:  Uncaught PDOException: SQLSTATE[21000]: Cardinality violation: 1241 Operand should contain 1 column(s) in /Users/m1air/Projects/CSMBD/generateinvoice/app/config/db_func.php:8
Stack trace:
#0 /Users/m1air/Projects/CSMBD/generateinvoice/app/config/db_func.php(8): PDO->prepare('SELECT (item, p...')
#1 /Users/m1air/Projects/CSMBD/generateinvoice/app/config/db_func.php(21): dbQuery('SELECT (item, p...', Array)
#2 /Users/m1air/Projects/CSMBD/generateinvoice/app/controllers/generate_pdf.php(5): dbFetchAll('SELECT (item, p...', Array)
#3 /Users/m1air/Projects/CSMBD/generateinvoice/app/config/routes.php(15): require('/Users/m1air/Pr...')
#4 /Users/m1air/Projects/CSMBD/generateinvoice/app/config/routes.php(30): routeToController('/generate-pdf', Array)
#5 /Users/m1air/Projects/CSMBD/generateinvoice/app/init.php(21): require('/Users/m1air/Pr...')
#6 /Users/m1air/Projects/CSMBD/generateinvoice/public/index.php(3): require('/Users/m1air/Pr...')
#7 {main}
  thrown in /Users/m1air/Projects/CSMBD/generateinvoice/app/config/db_func.php on line 8
[30-Sep-2024 19:45:46 UTC] PHP Fatal error:  Uncaught PDOException: SQLSTATE[21000]: Cardinality violation: 1241 Operand should contain 1 column(s) in /Users/m1air/Projects/CSMBD/generateinvoice/app/config/db_func.php:6
Stack trace:
#0 /Users/m1air/Projects/CSMBD/generateinvoice/app/config/db_func.php(6): PDO->prepare('SELECT (item, p...')
#1 /Users/m1air/Projects/CSMBD/generateinvoice/app/config/db_func.php(19): dbQuery('SELECT (item, p...', Array)
#2 /Users/m1air/Projects/CSMBD/generateinvoice/app/controllers/generate_pdf.php(5): dbFetchAll('SELECT (item, p...', Array)
#3 /Users/m1air/Projects/CSMBD/generateinvoice/app/config/routes.php(15): require('/Users/m1air/Pr...')
#4 /Users/m1air/Projects/CSMBD/generateinvoice/app/config/routes.php(30): routeToController('/generate-pdf', Array)
#5 /Users/m1air/Projects/CSMBD/generateinvoice/app/init.php(21): require('/Users/m1air/Pr...')
#6 /Users/m1air/Projects/CSMBD/generateinvoice/public/index.php(3): require('/Users/m1air/Pr...')
#7 {main}
  thrown in /Users/m1air/Projects/CSMBD/generateinvoice/app/config/db_func.php on line 6
[30-Sep-2024 19:47:02 UTC] PHP Fatal error:  Uncaught PDOException: There is no active transaction in /Users/m1air/Projects/CSMBD/generateinvoice/app/controllers/submit.php:59
Stack trace:
#0 /Users/m1air/Projects/CSMBD/generateinvoice/app/controllers/submit.php(59): PDO->rollBack()
#1 /Users/m1air/Projects/CSMBD/generateinvoice/app/config/routes.php(15): require('/Users/m1air/Pr...')
#2 /Users/m1air/Projects/CSMBD/generateinvoice/app/config/routes.php(30): routeToController('/submit', Array)
#3 /Users/m1air/Projects/CSMBD/generateinvoice/app/init.php(21): require('/Users/m1air/Pr...')
#4 /Users/m1air/Projects/CSMBD/generateinvoice/public/index.php(3): require('/Users/m1air/Pr...')
#5 {main}
  thrown in /Users/m1air/Projects/CSMBD/generateinvoice/app/controllers/submit.php on line 59
[30-Sep-2024 19:47:36 UTC] PHP Fatal error:  Uncaught Error: Call to undefined function nav() in /Users/m1air/Projects/CSMBD/generateinvoice/app/views/partials/_header.php:13
Stack trace:
#0 /Users/m1air/Projects/CSMBD/generateinvoice/app/views/404.php(20): htmlHeader()
#1 /Users/m1air/Projects/CSMBD/generateinvoice/app/config/routes.php(25): require('/Users/m1air/Pr...')
#2 /Users/m1air/Projects/CSMBD/generateinvoice/app/config/routes.php(17): abort()
#3 /Users/m1air/Projects/CSMBD/generateinvoice/app/config/routes.php(30): routeToController('/assets/images/...', Array)
#4 /Users/m1air/Projects/CSMBD/generateinvoice/app/init.php(21): require('/Users/m1air/Pr...')
#5 /Users/m1air/Projects/CSMBD/generateinvoice/public/index.php(3): require('/Users/m1air/Pr...')
#6 {main}
  thrown in /Users/m1air/Projects/CSMBD/generateinvoice/app/views/partials/_header.php on line 13
[30-Sep-2024 19:47:45 UTC] PHP Fatal error:  Uncaught PDOException: There is no active transaction in /Users/m1air/Projects/CSMBD/generateinvoice/app/controllers/submit.php:59
Stack trace:
#0 /Users/m1air/Projects/CSMBD/generateinvoice/app/controllers/submit.php(59): PDO->rollBack()
#1 /Users/m1air/Projects/CSMBD/generateinvoice/app/config/routes.php(15): require('/Users/m1air/Pr...')
#2 /Users/m1air/Projects/CSMBD/generateinvoice/app/config/routes.php(30): routeToController('/submit', Array)
#3 /Users/m1air/Projects/CSMBD/generateinvoice/app/init.php(21): require('/Users/m1air/Pr...')
#4 /Users/m1air/Projects/CSMBD/generateinvoice/public/index.php(3): require('/Users/m1air/Pr...')
#5 {main}
  thrown in /Users/m1air/Projects/CSMBD/generateinvoice/app/controllers/submit.php on line 59
[30-Sep-2024 19:47:49 UTC] PHP Fatal error:  Uncaught Error: Call to undefined function nav() in /Users/m1air/Projects/CSMBD/generateinvoice/app/views/partials/_header.php:13
Stack trace:
#0 /Users/m1air/Projects/CSMBD/generateinvoice/app/views/404.php(20): htmlHeader()
#1 /Users/m1air/Projects/CSMBD/generateinvoice/app/config/routes.php(25): require('/Users/m1air/Pr...')
#2 /Users/m1air/Projects/CSMBD/generateinvoice/app/config/routes.php(17): abort()
#3 /Users/m1air/Projects/CSMBD/generateinvoice/app/config/routes.php(30): routeToController('/assets/images/...', Array)
#4 /Users/m1air/Projects/CSMBD/generateinvoice/app/init.php(21): require('/Users/m1air/Pr...')
#5 /Users/m1air/Projects/CSMBD/generateinvoice/public/index.php(3): require('/Users/m1air/Pr...')
#6 {main}
  thrown in /Users/m1air/Projects/CSMBD/generateinvoice/app/views/partials/_header.php on line 13
[30-Sep-2024 19:49:16 UTC] PHP Fatal error:  Uncaught Error: Call to undefined function nav() in /Users/m1air/Projects/CSMBD/generateinvoice/app/views/partials/_header.php:13
Stack trace:
#0 /Users/m1air/Projects/CSMBD/generateinvoice/app/views/404.php(20): htmlHeader()
#1 /Users/m1air/Projects/CSMBD/generateinvoice/app/config/routes.php(25): require('/Users/m1air/Pr...')
#2 /Users/m1air/Projects/CSMBD/generateinvoice/app/config/routes.php(17): abort()
#3 /Users/m1air/Projects/CSMBD/generateinvoice/app/config/routes.php(30): routeToController('/assets/images/...', Array)
#4 /Users/m1air/Projects/CSMBD/generateinvoice/app/init.php(21): require('/Users/m1air/Pr...')
#5 /Users/m1air/Projects/CSMBD/generateinvoice/public/index.php(3): require('/Users/m1air/Pr...')
#6 {main}
  thrown in /Users/m1air/Projects/CSMBD/generateinvoice/app/views/partials/_header.php on line 13
[30-Sep-2024 19:50:59 UTC] PHP Fatal error:  Uncaught PDOException: SQLSTATE[21000]: Cardinality violation: 1241 Operand should contain 1 column(s) in /Users/m1air/Projects/CSMBD/generateinvoice/app/config/db_func.php:6
Stack trace:
#0 /Users/m1air/Projects/CSMBD/generateinvoice/app/config/db_func.php(6): PDO->prepare('SELECT (item, p...')
#1 /Users/m1air/Projects/CSMBD/generateinvoice/app/config/db_func.php(19): dbQuery('SELECT (item, p...', Array)
#2 /Users/m1air/Projects/CSMBD/generateinvoice/app/controllers/generate_pdf.php(5): dbFetchAll('SELECT (item, p...', Array)
#3 /Users/m1air/Projects/CSMBD/generateinvoice/app/config/routes.php(15): require('/Users/m1air/Pr...')
#4 /Users/m1air/Projects/CSMBD/generateinvoice/app/config/routes.php(30): routeToController('/generate-pdf', Array)
#5 /Users/m1air/Projects/CSMBD/generateinvoice/app/init.php(21): require('/Users/m1air/Pr...')
#6 /Users/m1air/Projects/CSMBD/generateinvoice/public/index.php(3): require('/Users/m1air/Pr...')
#7 {main}
  thrown in /Users/m1air/Projects/CSMBD/generateinvoice/app/config/db_func.php on line 6
[30-Sep-2024 19:53:42 UTC] PHP Fatal error:  Uncaught PDOException: SQLSTATE[21000]: Cardinality violation: 1241 Operand should contain 1 column(s) in /Users/m1air/Projects/CSMBD/generateinvoice/app/config/db_func.php:6
Stack trace:
#0 /Users/m1air/Projects/CSMBD/generateinvoice/app/config/db_func.php(6): PDO->prepare('SELECT (item, p...')
#1 /Users/m1air/Projects/CSMBD/generateinvoice/app/config/db_func.php(19): dbQuery('SELECT (item, p...', Array)
#2 /Users/m1air/Projects/CSMBD/generateinvoice/app/controllers/generate_pdf.php(5): dbFetchAll('SELECT (item, p...', Array)
#3 /Users/m1air/Projects/CSMBD/generateinvoice/app/config/routes.php(15): require('/Users/m1air/Pr...')
#4 /Users/m1air/Projects/CSMBD/generateinvoice/app/config/routes.php(30): routeToController('/generate-pdf', Array)
#5 /Users/m1air/Projects/CSMBD/generateinvoice/app/init.php(21): require('/Users/m1air/Pr...')
#6 /Users/m1air/Projects/CSMBD/generateinvoice/public/index.php(3): require('/Users/m1air/Pr...')
#7 {main}
  thrown in /Users/m1air/Projects/CSMBD/generateinvoice/app/config/db_func.php on line 6
[30-Sep-2024 19:56:38 UTC] PHP Fatal error:  Uncaught PDOException: SQLSTATE[21000]: Cardinality violation: 1241 Operand should contain 1 column(s) in /Users/m1air/Projects/CSMBD/generateinvoice/app/config/db_func.php:6
Stack trace:
#0 /Users/m1air/Projects/CSMBD/generateinvoice/app/config/db_func.php(6): PDO->prepare('SELECT (item, p...')
#1 /Users/m1air/Projects/CSMBD/generateinvoice/app/config/db_func.php(19): dbQuery('SELECT (item, p...', Array)
#2 /Users/m1air/Projects/CSMBD/generateinvoice/app/controllers/generate_pdf.php(5): dbFetchAll('SELECT (item, p...', Array)
#3 /Users/m1air/Projects/CSMBD/generateinvoice/app/config/routes.php(15): require('/Users/m1air/Pr...')
#4 /Users/m1air/Projects/CSMBD/generateinvoice/app/config/routes.php(30): routeToController('/generate-pdf', Array)
#5 /Users/m1air/Projects/CSMBD/generateinvoice/app/init.php(21): require('/Users/m1air/Pr...')
#6 /Users/m1air/Projects/CSMBD/generateinvoice/public/index.php(3): require('/Users/m1air/Pr...')
#7 {main}
  thrown in /Users/m1air/Projects/CSMBD/generateinvoice/app/config/db_func.php on line 6
[01-Oct-2024 10:48:55 UTC] PHP Fatal error:  Uncaught Error: Call to undefined function nav() in /Users/m1air/Projects/CSMBD/generateinvoice/app/views/partials/_header.php:13
Stack trace:
#0 /Users/m1air/Projects/CSMBD/generateinvoice/app/views/404.php(20): htmlHeader()
#1 /Users/m1air/Projects/CSMBD/generateinvoice/app/config/routes.php(25): require('/Users/m1air/Pr...')
#2 /Users/m1air/Projects/CSMBD/generateinvoice/app/config/routes.php(17): abort()
#3 /Users/m1air/Projects/CSMBD/generateinvoice/app/config/routes.php(30): routeToController('/assets/images/...', Array)
#4 /Users/m1air/Projects/CSMBD/generateinvoice/app/init.php(21): require('/Users/m1air/Pr...')
#5 /Users/m1air/Projects/CSMBD/generateinvoice/public/index.php(3): require('/Users/m1air/Pr...')
#6 {main}
  thrown in /Users/m1air/Projects/CSMBD/generateinvoice/app/views/partials/_header.php on line 13
[01-Oct-2024 10:49:15 UTC] PHP Fatal error:  Uncaught Error: Call to undefined function nav() in /Users/m1air/Projects/CSMBD/generateinvoice/app/views/partials/_header.php:13
Stack trace:
#0 /Users/m1air/Projects/CSMBD/generateinvoice/app/views/404.php(20): htmlHeader()
#1 /Users/m1air/Projects/CSMBD/generateinvoice/app/config/routes.php(25): require('/Users/m1air/Pr...')
#2 /Users/m1air/Projects/CSMBD/generateinvoice/app/config/routes.php(17): abort()
#3 /Users/m1air/Projects/CSMBD/generateinvoice/app/config/routes.php(30): routeToController('/assets/images/...', Array)
#4 /Users/m1air/Projects/CSMBD/generateinvoice/app/init.php(21): require('/Users/m1air/Pr...')
#5 /Users/m1air/Projects/CSMBD/generateinvoice/public/index.php(3): require('/Users/m1air/Pr...')
#6 {main}
  thrown in /Users/m1air/Projects/CSMBD/generateinvoice/app/views/partials/_header.php on line 13
[02-Oct-2024 07:09:56 UTC] PHP Fatal error:  Uncaught Error: Call to undefined function nav() in /Users/m1air/Projects/CSMBD/generateinvoice/app/views/partials/_header.php:13
Stack trace:
#0 /Users/m1air/Projects/CSMBD/generateinvoice/app/views/404.php(20): htmlHeader()
#1 /Users/m1air/Projects/CSMBD/generateinvoice/app/config/routes.php(25): require('/Users/m1air/Pr...')
#2 /Users/m1air/Projects/CSMBD/generateinvoice/app/config/routes.php(17): abort()
#3 /Users/m1air/Projects/CSMBD/generateinvoice/app/config/routes.php(30): routeToController('/test', Array)
#4 /Users/m1air/Projects/CSMBD/generateinvoice/app/init.php(21): require('/Users/m1air/Pr...')
#5 /Users/m1air/Projects/CSMBD/generateinvoice/public/index.php(3): require('/Users/m1air/Pr...')
#6 {main}
  thrown in /Users/m1air/Projects/CSMBD/generateinvoice/app/views/partials/_header.php on line 13
[03-Oct-2024 08:58:37 UTC] PHP Fatal error:  Uncaught Error: Call to undefined function nav() in /Users/m1air/Projects/CSMBD/generateinvoice/app/views/partials/_header.php:13
Stack trace:
#0 /Users/m1air/Projects/CSMBD/generateinvoice/app/views/404.php(20): htmlHeader()
#1 /Users/m1air/Projects/CSMBD/generateinvoice/app/config/routes.php(25): require('/Users/m1air/Pr...')
#2 /Users/m1air/Projects/CSMBD/generateinvoice/app/config/routes.php(17): abort()
#3 /Users/m1air/Projects/CSMBD/generateinvoice/app/config/routes.php(30): routeToController('/assets/images/...', Array)
#4 /Users/m1air/Projects/CSMBD/generateinvoice/app/init.php(21): require('/Users/m1air/Pr...')
#5 /Users/m1air/Projects/CSMBD/generateinvoice/public/index.php(3): require('/Users/m1air/Pr...')
#6 {main}
  thrown in /Users/m1air/Projects/CSMBD/generateinvoice/app/views/partials/_header.php on line 13
[04-Oct-2024 07:58:52 UTC] PHP Fatal error:  Uncaught Error: Call to undefined function nav() in /Users/m1air/Projects/CSMBD/generateinvoice/app/views/partials/_header.php:13
Stack trace:
#0 /Users/m1air/Projects/CSMBD/generateinvoice/app/views/404.php(20): htmlHeader()
#1 /Users/m1air/Projects/CSMBD/generateinvoice/app/config/routes.php(25): require('/Users/m1air/Pr...')
#2 /Users/m1air/Projects/CSMBD/generateinvoice/app/config/routes.php(17): abort()
#3 /Users/m1air/Projects/CSMBD/generateinvoice/app/config/routes.php(30): routeToController('/assets/images/...', Array)
#4 /Users/m1air/Projects/CSMBD/generateinvoice/app/init.php(21): require('/Users/m1air/Pr...')
#5 /Users/m1air/Projects/CSMBD/generateinvoice/public/index.php(3): require('/Users/m1air/Pr...')
#6 {main}
  thrown in /Users/m1air/Projects/CSMBD/generateinvoice/app/views/partials/_header.php on line 13
[04-Oct-2024 07:59:12 UTC] PHP Fatal error:  Uncaught Error: Call to undefined function nav() in /Users/m1air/Projects/CSMBD/generateinvoice/app/views/partials/_header.php:13
Stack trace:
#0 /Users/m1air/Projects/CSMBD/generateinvoice/app/views/404.php(20): htmlHeader()
#1 /Users/m1air/Projects/CSMBD/generateinvoice/app/config/routes.php(25): require('/Users/m1air/Pr...')
#2 /Users/m1air/Projects/CSMBD/generateinvoice/app/config/routes.php(17): abort()
#3 /Users/m1air/Projects/CSMBD/generateinvoice/app/config/routes.php(30): routeToController('/assets/images/...', Array)
#4 /Users/m1air/Projects/CSMBD/generateinvoice/app/init.php(21): require('/Users/m1air/Pr...')
#5 /Users/m1air/Projects/CSMBD/generateinvoice/public/index.php(3): require('/Users/m1air/Pr...')
#6 {main}
  thrown in /Users/m1air/Projects/CSMBD/generateinvoice/app/views/partials/_header.php on line 13
[04-Oct-2024 08:18:57 UTC] PHP Fatal error:  Uncaught Error: Call to undefined function nav() in /Users/m1air/Projects/CSMBD/generateinvoice/app/views/partials/_header.php:13
Stack trace:
#0 /Users/m1air/Projects/CSMBD/generateinvoice/app/views/404.php(20): htmlHeader()
#1 /Users/m1air/Projects/CSMBD/generateinvoice/app/config/routes.php(25): require('/Users/m1air/Pr...')
#2 /Users/m1air/Projects/CSMBD/generateinvoice/app/config/routes.php(17): abort()
#3 /Users/m1air/Projects/CSMBD/generateinvoice/app/config/routes.php(30): routeToController('/pdf_template.h...', Array)
#4 /Users/m1air/Projects/CSMBD/generateinvoice/app/init.php(21): require('/Users/m1air/Pr...')
#5 /Users/m1air/Projects/CSMBD/generateinvoice/public/index.php(3): require('/Users/m1air/Pr...')
#6 {main}
  thrown in /Users/m1air/Projects/CSMBD/generateinvoice/app/views/partials/_header.php on line 13
[04-Oct-2024 09:47:39 UTC] PHP Fatal error:  Uncaught Error: Call to undefined function nav() in /Users/m1air/Projects/CSMBD/generateinvoice/app/views/partials/_header.php:13
Stack trace:
#0 /Users/m1air/Projects/CSMBD/generateinvoice/app/views/404.php(20): htmlHeader()
#1 /Users/m1air/Projects/CSMBD/generateinvoice/app/config/routes.php(25): require('/Users/m1air/Pr...')
#2 /Users/m1air/Projects/CSMBD/generateinvoice/app/config/routes.php(17): abort()
#3 /Users/m1air/Projects/CSMBD/generateinvoice/app/config/routes.php(30): routeToController('/about', Array)
#4 /Users/m1air/Projects/CSMBD/generateinvoice/app/init.php(21): require('/Users/m1air/Pr...')
#5 /Users/m1air/Projects/CSMBD/generateinvoice/public/index.php(3): require('/Users/m1air/Pr...')
#6 {main}
  thrown in /Users/m1air/Projects/CSMBD/generateinvoice/app/views/partials/_header.php on line 13
[04-Oct-2024 09:48:25 UTC] PHP Fatal error:  Uncaught Error: Call to undefined function nav() in /Users/m1air/Projects/CSMBD/generateinvoice/app/views/partials/_header.php:13
Stack trace:
#0 /Users/m1air/Projects/CSMBD/generateinvoice/app/views/404.php(20): htmlHeader()
#1 /Users/m1air/Projects/CSMBD/generateinvoice/app/config/routes.php(25): require('/Users/m1air/Pr...')
#2 /Users/m1air/Projects/CSMBD/generateinvoice/app/config/routes.php(17): abort()
#3 /Users/m1air/Projects/CSMBD/generateinvoice/app/config/routes.php(30): routeToController('/assets/images/...', Array)
#4 /Users/m1air/Projects/CSMBD/generateinvoice/app/init.php(21): require('/Users/m1air/Pr...')
#5 /Users/m1air/Projects/CSMBD/generateinvoice/public/index.php(3): require('/Users/m1air/Pr...')
#6 {main}
  thrown in /Users/m1air/Projects/CSMBD/generateinvoice/app/views/partials/_header.php on line 13
[04-Oct-2024 15:23:10 UTC] PHP Fatal error:  Uncaught Error: Call to undefined function nav() in /Users/m1air/Projects/CSMBD/generateinvoice/app/views/partials/_header.php:13
Stack trace:
#0 /Users/m1air/Projects/CSMBD/generateinvoice/app/views/404.php(20): htmlHeader()
#1 /Users/m1air/Projects/CSMBD/generateinvoice/app/config/routes.php(25): require('/Users/m1air/Pr...')
#2 /Users/m1air/Projects/CSMBD/generateinvoice/app/config/routes.php(17): abort()
#3 /Users/m1air/Projects/CSMBD/generateinvoice/app/config/routes.php(30): routeToController('/assets/images/...', Array)
#4 /Users/m1air/Projects/CSMBD/generateinvoice/app/init.php(21): require('/Users/m1air/Pr...')
#5 /Users/m1air/Projects/CSMBD/generateinvoice/public/index.php(3): require('/Users/m1air/Pr...')
#6 {main}
  thrown in /Users/m1air/Projects/CSMBD/generateinvoice/app/views/partials/_header.php on line 13
[04-Oct-2024 16:56:03 UTC] PHP Fatal error:  Uncaught Error: Call to undefined function nav() in /Users/m1air/Projects/CSMBD/generateinvoice/app/views/partials/_header.php:13
Stack trace:
#0 /Users/m1air/Projects/CSMBD/generateinvoice/app/views/404.php(20): htmlHeader()
#1 /Users/m1air/Projects/CSMBD/generateinvoice/app/config/routes.php(25): require('/Users/m1air/Pr...')
#2 /Users/m1air/Projects/CSMBD/generateinvoice/app/config/routes.php(17): abort()
#3 /Users/m1air/Projects/CSMBD/generateinvoice/app/config/routes.php(30): routeToController('/assets/images/...', Array)
#4 /Users/m1air/Projects/CSMBD/generateinvoice/app/init.php(21): require('/Users/m1air/Pr...')
#5 /Users/m1air/Projects/CSMBD/generateinvoice/public/index.php(3): require('/Users/m1air/Pr...')
#6 {main}
  thrown in /Users/m1air/Projects/CSMBD/generateinvoice/app/views/partials/_header.php on line 13
[04-Oct-2024 16:56:05 UTC] PHP Fatal error:  Uncaught Error: Call to undefined function nav() in /Users/m1air/Projects/CSMBD/generateinvoice/app/views/partials/_header.php:13
Stack trace:
#0 /Users/m1air/Projects/CSMBD/generateinvoice/app/views/404.php(20): htmlHeader()
#1 /Users/m1air/Projects/CSMBD/generateinvoice/app/config/routes.php(25): require('/Users/m1air/Pr...')
#2 /Users/m1air/Projects/CSMBD/generateinvoice/app/config/routes.php(17): abort()
#3 /Users/m1air/Projects/CSMBD/generateinvoice/app/config/routes.php(30): routeToController('/assets/images/...', Array)
#4 /Users/m1air/Projects/CSMBD/generateinvoice/app/init.php(21): require('/Users/m1air/Pr...')
#5 /Users/m1air/Projects/CSMBD/generateinvoice/public/index.php(3): require('/Users/m1air/Pr...')
#6 {main}
  thrown in /Users/m1air/Projects/CSMBD/generateinvoice/app/views/partials/_header.php on line 13
[04-Oct-2024 16:56:06 UTC] PHP Fatal error:  Uncaught Error: Call to undefined function nav() in /Users/m1air/Projects/CSMBD/generateinvoice/app/views/partials/_header.php:13
Stack trace:
#0 /Users/m1air/Projects/CSMBD/generateinvoice/app/views/404.php(20): htmlHeader()
#1 /Users/m1air/Projects/CSMBD/generateinvoice/app/config/routes.php(25): require('/Users/m1air/Pr...')
#2 /Users/m1air/Projects/CSMBD/generateinvoice/app/config/routes.php(17): abort()
#3 /Users/m1air/Projects/CSMBD/generateinvoice/app/config/routes.php(30): routeToController('/assets/images/...', Array)
#4 /Users/m1air/Projects/CSMBD/generateinvoice/app/init.php(21): require('/Users/m1air/Pr...')
#5 /Users/m1air/Projects/CSMBD/generateinvoice/public/index.php(3): require('/Users/m1air/Pr...')
#6 {main}
  thrown in /Users/m1air/Projects/CSMBD/generateinvoice/app/views/partials/_header.php on line 13
[04-Oct-2024 16:56:07 UTC] PHP Fatal error:  Uncaught Error: Call to undefined function nav() in /Users/m1air/Projects/CSMBD/generateinvoice/app/views/partials/_header.php:13
Stack trace:
#0 /Users/m1air/Projects/CSMBD/generateinvoice/app/views/404.php(20): htmlHeader()
#1 /Users/m1air/Projects/CSMBD/generateinvoice/app/config/routes.php(25): require('/Users/m1air/Pr...')
#2 /Users/m1air/Projects/CSMBD/generateinvoice/app/config/routes.php(17): abort()
#3 /Users/m1air/Projects/CSMBD/generateinvoice/app/config/routes.php(30): routeToController('/assets/images/...', Array)
#4 /Users/m1air/Projects/CSMBD/generateinvoice/app/init.php(21): require('/Users/m1air/Pr...')
#5 /Users/m1air/Projects/CSMBD/generateinvoice/public/index.php(3): require('/Users/m1air/Pr...')
#6 {main}
  thrown in /Users/m1air/Projects/CSMBD/generateinvoice/app/views/partials/_header.php on line 13
[04-Oct-2024 16:56:08 UTC] PHP Fatal error:  Uncaught Error: Call to undefined function nav() in /Users/m1air/Projects/CSMBD/generateinvoice/app/views/partials/_header.php:13
Stack trace:
#0 /Users/m1air/Projects/CSMBD/generateinvoice/app/views/404.php(20): htmlHeader()
#1 /Users/m1air/Projects/CSMBD/generateinvoice/app/config/routes.php(25): require('/Users/m1air/Pr...')
#2 /Users/m1air/Projects/CSMBD/generateinvoice/app/config/routes.php(17): abort()
#3 /Users/m1air/Projects/CSMBD/generateinvoice/app/config/routes.php(30): routeToController('/assets/images/...', Array)
#4 /Users/m1air/Projects/CSMBD/generateinvoice/app/init.php(21): require('/Users/m1air/Pr...')
#5 /Users/m1air/Projects/CSMBD/generateinvoice/public/index.php(3): require('/Users/m1air/Pr...')
#6 {main}
  thrown in /Users/m1air/Projects/CSMBD/generateinvoice/app/views/partials/_header.php on line 13
[04-Oct-2024 16:56:14 UTC] PHP Fatal error:  Uncaught Error: Call to undefined function nav() in /Users/m1air/Projects/CSMBD/generateinvoice/app/views/partials/_header.php:13
Stack trace:
#0 /Users/m1air/Projects/CSMBD/generateinvoice/app/views/404.php(20): htmlHeader()
#1 /Users/m1air/Projects/CSMBD/generateinvoice/app/config/routes.php(25): require('/Users/m1air/Pr...')
#2 /Users/m1air/Projects/CSMBD/generateinvoice/app/config/routes.php(17): abort()
#3 /Users/m1air/Projects/CSMBD/generateinvoice/app/config/routes.php(30): routeToController('/assets/images/...', Array)
#4 /Users/m1air/Projects/CSMBD/generateinvoice/app/init.php(21): require('/Users/m1air/Pr...')
#5 /Users/m1air/Projects/CSMBD/generateinvoice/public/index.php(3): require('/Users/m1air/Pr...')
#6 {main}
  thrown in /Users/m1air/Projects/CSMBD/generateinvoice/app/views/partials/_header.php on line 13
[04-Oct-2024 17:07:46 UTC] PHP Fatal error:  Uncaught Error: Call to undefined function nav() in /Users/m1air/Projects/CSMBD/generateinvoice/app/views/partials/_header.php:13
Stack trace:
#0 /Users/m1air/Projects/CSMBD/generateinvoice/app/views/404.php(20): htmlHeader()
#1 /Users/m1air/Projects/CSMBD/generateinvoice/app/config/routes.php(25): require('/Users/m1air/Pr...')
#2 /Users/m1air/Projects/CSMBD/generateinvoice/app/config/routes.php(17): abort()
#3 /Users/m1air/Projects/CSMBD/generateinvoice/app/config/routes.php(30): routeToController('/assets/images/...', Array)
#4 /Users/m1air/Projects/CSMBD/generateinvoice/app/init.php(21): require('/Users/m1air/Pr...')
#5 /Users/m1air/Projects/CSMBD/generateinvoice/public/index.php(3): require('/Users/m1air/Pr...')
#6 {main}
  thrown in /Users/m1air/Projects/CSMBD/generateinvoice/app/views/partials/_header.php on line 13
[04-Oct-2024 17:07:56 UTC] PHP Fatal error:  Uncaught Error: Call to undefined function nav() in /Users/m1air/Projects/CSMBD/generateinvoice/app/views/partials/_header.php:13
Stack trace:
#0 /Users/m1air/Projects/CSMBD/generateinvoice/app/views/404.php(20): htmlHeader()
#1 /Users/m1air/Projects/CSMBD/generateinvoice/app/config/routes.php(25): require('/Users/m1air/Pr...')
#2 /Users/m1air/Projects/CSMBD/generateinvoice/app/config/routes.php(17): abort()
#3 /Users/m1air/Projects/CSMBD/generateinvoice/app/config/routes.php(30): routeToController('/assets/images/...', Array)
#4 /Users/m1air/Projects/CSMBD/generateinvoice/app/init.php(21): require('/Users/m1air/Pr...')
#5 /Users/m1air/Projects/CSMBD/generateinvoice/public/index.php(3): require('/Users/m1air/Pr...')
#6 {main}
  thrown in /Users/m1air/Projects/CSMBD/generateinvoice/app/views/partials/_header.php on line 13
[04-Oct-2024 17:08:13 UTC] PHP Fatal error:  Uncaught Error: Call to undefined function nav() in /Users/m1air/Projects/CSMBD/generateinvoice/app/views/partials/_header.php:13
Stack trace:
#0 /Users/m1air/Projects/CSMBD/generateinvoice/app/views/404.php(20): htmlHeader()
#1 /Users/m1air/Projects/CSMBD/generateinvoice/app/config/routes.php(25): require('/Users/m1air/Pr...')
#2 /Users/m1air/Projects/CSMBD/generateinvoice/app/config/routes.php(17): abort()
#3 /Users/m1air/Projects/CSMBD/generateinvoice/app/config/routes.php(30): routeToController('/assets/images/...', Array)
#4 /Users/m1air/Projects/CSMBD/generateinvoice/app/init.php(21): require('/Users/m1air/Pr...')
#5 /Users/m1air/Projects/CSMBD/generateinvoice/public/index.php(3): require('/Users/m1air/Pr...')
#6 {main}
  thrown in /Users/m1air/Projects/CSMBD/generateinvoice/app/views/partials/_header.php on line 13
[04-Oct-2024 17:12:17 UTC] PHP Fatal error:  Uncaught Error: Call to undefined function nav() in /Users/m1air/Projects/CSMBD/generateinvoice/app/views/partials/_header.php:13
Stack trace:
#0 /Users/m1air/Projects/CSMBD/generateinvoice/app/views/404.php(20): htmlHeader()
#1 /Users/m1air/Projects/CSMBD/generateinvoice/app/config/routes.php(25): require('/Users/m1air/Pr...')
#2 /Users/m1air/Projects/CSMBD/generateinvoice/app/config/routes.php(17): abort()
#3 /Users/m1air/Projects/CSMBD/generateinvoice/app/config/routes.php(30): routeToController('/assets/images/...', Array)
#4 /Users/m1air/Projects/CSMBD/generateinvoice/app/init.php(21): require('/Users/m1air/Pr...')
#5 /Users/m1air/Projects/CSMBD/generateinvoice/public/index.php(3): require('/Users/m1air/Pr...')
#6 {main}
  thrown in /Users/m1air/Projects/CSMBD/generateinvoice/app/views/partials/_header.php on line 13
[04-Oct-2024 17:12:26 UTC] PHP Fatal error:  Uncaught Error: Call to undefined function nav() in /Users/m1air/Projects/CSMBD/generateinvoice/app/views/partials/_header.php:13
Stack trace:
#0 /Users/m1air/Projects/CSMBD/generateinvoice/app/views/404.php(20): htmlHeader()
#1 /Users/m1air/Projects/CSMBD/generateinvoice/app/config/routes.php(25): require('/Users/m1air/Pr...')
#2 /Users/m1air/Projects/CSMBD/generateinvoice/app/config/routes.php(17): abort()
#3 /Users/m1air/Projects/CSMBD/generateinvoice/app/config/routes.php(30): routeToController('/assets/images/...', Array)
#4 /Users/m1air/Projects/CSMBD/generateinvoice/app/init.php(21): require('/Users/m1air/Pr...')
#5 /Users/m1air/Projects/CSMBD/generateinvoice/public/index.php(3): require('/Users/m1air/Pr...')
#6 {main}
  thrown in /Users/m1air/Projects/CSMBD/generateinvoice/app/views/partials/_header.php on line 13
[04-Oct-2024 17:12:39 UTC] PHP Fatal error:  Uncaught Error: Call to undefined function nav() in /Users/m1air/Projects/CSMBD/generateinvoice/app/views/partials/_header.php:13
Stack trace:
#0 /Users/m1air/Projects/CSMBD/generateinvoice/app/views/404.php(20): htmlHeader()
#1 /Users/m1air/Projects/CSMBD/generateinvoice/app/config/routes.php(25): require('/Users/m1air/Pr...')
#2 /Users/m1air/Projects/CSMBD/generateinvoice/app/config/routes.php(17): abort()
#3 /Users/m1air/Projects/CSMBD/generateinvoice/app/config/routes.php(30): routeToController('/assets/images/...', Array)
#4 /Users/m1air/Projects/CSMBD/generateinvoice/app/init.php(21): require('/Users/m1air/Pr...')
#5 /Users/m1air/Projects/CSMBD/generateinvoice/public/index.php(3): require('/Users/m1air/Pr...')
#6 {main}
  thrown in /Users/m1air/Projects/CSMBD/generateinvoice/app/views/partials/_header.php on line 13
[04-Oct-2024 17:20:20 UTC] PHP Fatal error:  Uncaught Error: Call to undefined function nav() in /Users/m1air/Projects/CSMBD/generateinvoice/app/views/partials/_header.php:13
Stack trace:
#0 /Users/m1air/Projects/CSMBD/generateinvoice/app/views/404.php(20): htmlHeader()
#1 /Users/m1air/Projects/CSMBD/generateinvoice/app/config/routes.php(25): require('/Users/m1air/Pr...')
#2 /Users/m1air/Projects/CSMBD/generateinvoice/app/config/routes.php(17): abort()
#3 /Users/m1air/Projects/CSMBD/generateinvoice/app/config/routes.php(30): routeToController('/assets/images/...', Array)
#4 /Users/m1air/Projects/CSMBD/generateinvoice/app/init.php(21): require('/Users/m1air/Pr...')
#5 /Users/m1air/Projects/CSMBD/generateinvoice/public/index.php(3): require('/Users/m1air/Pr...')
#6 {main}
  thrown in /Users/m1air/Projects/CSMBD/generateinvoice/app/views/partials/_header.php on line 13
[04-Oct-2024 17:27:18 UTC] PHP Fatal error:  Uncaught Error: Call to undefined function nav() in /Users/m1air/Projects/CSMBD/generateinvoice/app/views/partials/_header.php:13
Stack trace:
#0 /Users/m1air/Projects/CSMBD/generateinvoice/app/views/404.php(20): htmlHeader()
#1 /Users/m1air/Projects/CSMBD/generateinvoice/app/config/routes.php(25): require('/Users/m1air/Pr...')
#2 /Users/m1air/Projects/CSMBD/generateinvoice/app/config/routes.php(17): abort()
#3 /Users/m1air/Projects/CSMBD/generateinvoice/app/config/routes.php(30): routeToController('/assets/images/...', Array)
#4 /Users/m1air/Projects/CSMBD/generateinvoice/app/init.php(21): require('/Users/m1air/Pr...')
#5 /Users/m1air/Projects/CSMBD/generateinvoice/public/index.php(3): require('/Users/m1air/Pr...')
#6 {main}
  thrown in /Users/m1air/Projects/CSMBD/generateinvoice/app/views/partials/_header.php on line 13
[04-Oct-2024 18:06:17 UTC] PHP Fatal error:  Uncaught Error: Call to undefined function nav() in /Users/m1air/Projects/CSMBD/generateinvoice/app/views/partials/_header.php:13
Stack trace:
#0 /Users/m1air/Projects/CSMBD/generateinvoice/app/views/404.php(20): htmlHeader()
#1 /Users/m1air/Projects/CSMBD/generateinvoice/app/config/routes.php(25): require('/Users/m1air/Pr...')
#2 /Users/m1air/Projects/CSMBD/generateinvoice/app/config/routes.php(17): abort()
#3 /Users/m1air/Projects/CSMBD/generateinvoice/app/config/routes.php(30): routeToController('/assets/images/...', Array)
#4 /Users/m1air/Projects/CSMBD/generateinvoice/app/init.php(21): require('/Users/m1air/Pr...')
#5 /Users/m1air/Projects/CSMBD/generateinvoice/public/index.php(3): require('/Users/m1air/Pr...')
#6 {main}
  thrown in /Users/m1air/Projects/CSMBD/generateinvoice/app/views/partials/_header.php on line 13
[04-Oct-2024 18:06:35 UTC] PHP Warning:  Undefined array key "id" in /Users/m1air/Projects/CSMBD/generateinvoice/app/controllers/generate_pdf.php on line 9
[04-Oct-2024 18:08:07 UTC] PHP Fatal error:  Uncaught Error: Call to undefined function nav() in /Users/m1air/Projects/CSMBD/generateinvoice/app/views/partials/_header.php:13
Stack trace:
#0 /Users/m1air/Projects/CSMBD/generateinvoice/app/views/404.php(20): htmlHeader()
#1 /Users/m1air/Projects/CSMBD/generateinvoice/app/config/routes.php(25): require('/Users/m1air/Pr...')
#2 /Users/m1air/Projects/CSMBD/generateinvoice/app/config/routes.php(17): abort()
#3 /Users/m1air/Projects/CSMBD/generateinvoice/app/config/routes.php(30): routeToController('/assets/images/...', Array)
#4 /Users/m1air/Projects/CSMBD/generateinvoice/app/init.php(21): require('/Users/m1air/Pr...')
#5 /Users/m1air/Projects/CSMBD/generateinvoice/public/index.php(3): require('/Users/m1air/Pr...')
#6 {main}
  thrown in /Users/m1air/Projects/CSMBD/generateinvoice/app/views/partials/_header.php on line 13
[04-Oct-2024 18:08:17 UTC] PHP Fatal error:  Uncaught Error: Call to undefined function nav() in /Users/m1air/Projects/CSMBD/generateinvoice/app/views/partials/_header.php:13
Stack trace:
#0 /Users/m1air/Projects/CSMBD/generateinvoice/app/views/404.php(20): htmlHeader()
#1 /Users/m1air/Projects/CSMBD/generateinvoice/app/config/routes.php(25): require('/Users/m1air/Pr...')
#2 /Users/m1air/Projects/CSMBD/generateinvoice/app/config/routes.php(17): abort()
#3 /Users/m1air/Projects/CSMBD/generateinvoice/app/config/routes.php(30): routeToController('/assets/images/...', Array)
#4 /Users/m1air/Projects/CSMBD/generateinvoice/app/init.php(21): require('/Users/m1air/Pr...')
#5 /Users/m1air/Projects/CSMBD/generateinvoice/public/index.php(3): require('/Users/m1air/Pr...')
#6 {main}
  thrown in /Users/m1air/Projects/CSMBD/generateinvoice/app/views/partials/_header.php on line 13
[04-Oct-2024 18:08:21 UTC] PHP Fatal error:  Uncaught Error: Call to undefined function nav() in /Users/m1air/Projects/CSMBD/generateinvoice/app/views/partials/_header.php:13
Stack trace:
#0 /Users/m1air/Projects/CSMBD/generateinvoice/app/views/404.php(20): htmlHeader()
#1 /Users/m1air/Projects/CSMBD/generateinvoice/app/config/routes.php(25): require('/Users/m1air/Pr...')
#2 /Users/m1air/Projects/CSMBD/generateinvoice/app/config/routes.php(17): abort()
#3 /Users/m1air/Projects/CSMBD/generateinvoice/app/config/routes.php(30): routeToController('/assets/images/...', Array)
#4 /Users/m1air/Projects/CSMBD/generateinvoice/app/init.php(21): require('/Users/m1air/Pr...')
#5 /Users/m1air/Projects/CSMBD/generateinvoice/public/index.php(3): require('/Users/m1air/Pr...')
#6 {main}
  thrown in /Users/m1air/Projects/CSMBD/generateinvoice/app/views/partials/_header.php on line 13
[04-Oct-2024 18:12:09 UTC] PHP Fatal error:  Uncaught Error: Call to undefined function nav() in /Users/m1air/Projects/CSMBD/generateinvoice/app/views/partials/_header.php:13
Stack trace:
#0 /Users/m1air/Projects/CSMBD/generateinvoice/app/views/404.php(20): htmlHeader()
#1 /Users/m1air/Projects/CSMBD/generateinvoice/app/config/routes.php(25): require('/Users/m1air/Pr...')
#2 /Users/m1air/Projects/CSMBD/generateinvoice/app/config/routes.php(17): abort()
#3 /Users/m1air/Projects/CSMBD/generateinvoice/app/config/routes.php(30): routeToController('/assets/images/...', Array)
#4 /Users/m1air/Projects/CSMBD/generateinvoice/app/init.php(21): require('/Users/m1air/Pr...')
#5 /Users/m1air/Projects/CSMBD/generateinvoice/public/index.php(3): require('/Users/m1air/Pr...')
#6 {main}
  thrown in /Users/m1air/Projects/CSMBD/generateinvoice/app/views/partials/_header.php on line 13
[04-Oct-2024 18:13:06 UTC] PHP Fatal error:  Uncaught Error: Call to undefined function nav() in /Users/m1air/Projects/CSMBD/generateinvoice/app/views/partials/_header.php:13
Stack trace:
#0 /Users/m1air/Projects/CSMBD/generateinvoice/app/views/404.php(20): htmlHeader()
#1 /Users/m1air/Projects/CSMBD/generateinvoice/app/config/routes.php(25): require('/Users/m1air/Pr...')
#2 /Users/m1air/Projects/CSMBD/generateinvoice/app/config/routes.php(17): abort()
#3 /Users/m1air/Projects/CSMBD/generateinvoice/app/config/routes.php(30): routeToController('/assets/images/...', Array)
#4 /Users/m1air/Projects/CSMBD/generateinvoice/app/init.php(21): require('/Users/m1air/Pr...')
#5 /Users/m1air/Projects/CSMBD/generateinvoice/public/index.php(3): require('/Users/m1air/Pr...')
#6 {main}
  thrown in /Users/m1air/Projects/CSMBD/generateinvoice/app/views/partials/_header.php on line 13
[04-Oct-2024 18:13:36 UTC] PHP Fatal error:  Uncaught Error: Call to undefined function nav() in /Users/m1air/Projects/CSMBD/generateinvoice/app/views/partials/_header.php:13
Stack trace:
#0 /Users/m1air/Projects/CSMBD/generateinvoice/app/views/404.php(20): htmlHeader()
#1 /Users/m1air/Projects/CSMBD/generateinvoice/app/config/routes.php(25): require('/Users/m1air/Pr...')
#2 /Users/m1air/Projects/CSMBD/generateinvoice/app/config/routes.php(17): abort()
#3 /Users/m1air/Projects/CSMBD/generateinvoice/app/config/routes.php(30): routeToController('/assets/images/...', Array)
#4 /Users/m1air/Projects/CSMBD/generateinvoice/app/init.php(21): require('/Users/m1air/Pr...')
#5 /Users/m1air/Projects/CSMBD/generateinvoice/public/index.php(3): require('/Users/m1air/Pr...')
#6 {main}
  thrown in /Users/m1air/Projects/CSMBD/generateinvoice/app/views/partials/_header.php on line 13
[04-Oct-2024 18:15:46 UTC] PHP Fatal error:  Uncaught Error: Call to undefined function nav() in /Users/m1air/Projects/CSMBD/generateinvoice/app/views/partials/_header.php:13
Stack trace:
#0 /Users/m1air/Projects/CSMBD/generateinvoice/app/views/404.php(20): htmlHeader()
#1 /Users/m1air/Projects/CSMBD/generateinvoice/app/config/routes.php(25): require('/Users/m1air/Pr...')
#2 /Users/m1air/Projects/CSMBD/generateinvoice/app/config/routes.php(17): abort()
#3 /Users/m1air/Projects/CSMBD/generateinvoice/app/config/routes.php(30): routeToController('/assets/images/...', Array)
#4 /Users/m1air/Projects/CSMBD/generateinvoice/app/init.php(21): require('/Users/m1air/Pr...')
#5 /Users/m1air/Projects/CSMBD/generateinvoice/public/index.php(3): require('/Users/m1air/Pr...')
#6 {main}
  thrown in /Users/m1air/Projects/CSMBD/generateinvoice/app/views/partials/_header.php on line 13
[04-Oct-2024 18:15:47 UTC] PHP Fatal error:  Uncaught Error: Call to undefined function nav() in /Users/m1air/Projects/CSMBD/generateinvoice/app/views/partials/_header.php:13
Stack trace:
#0 /Users/m1air/Projects/CSMBD/generateinvoice/app/views/404.php(20): htmlHeader()
#1 /Users/m1air/Projects/CSMBD/generateinvoice/app/config/routes.php(25): require('/Users/m1air/Pr...')
#2 /Users/m1air/Projects/CSMBD/generateinvoice/app/config/routes.php(17): abort()
#3 /Users/m1air/Projects/CSMBD/generateinvoice/app/config/routes.php(30): routeToController('/assets/images/...', Array)
#4 /Users/m1air/Projects/CSMBD/generateinvoice/app/init.php(21): require('/Users/m1air/Pr...')
#5 /Users/m1air/Projects/CSMBD/generateinvoice/public/index.php(3): require('/Users/m1air/Pr...')
#6 {main}
  thrown in /Users/m1air/Projects/CSMBD/generateinvoice/app/views/partials/_header.php on line 13
[04-Oct-2024 18:40:11 UTC] PHP Warning:  Undefined array key "client_name" in /Users/m1air/Projects/CSMBD/generateinvoice/app/controllers/generate_pdf.php on line 9
[04-Oct-2024 18:40:20 UTC] PHP Warning:  Undefined array key "name" in /Users/m1air/Projects/CSMBD/generateinvoice/app/controllers/generate_pdf.php on line 9
[04-Oct-2024 18:40:51 UTC] PHP Warning:  Undefined array key "client_name" in /Users/m1air/Projects/CSMBD/generateinvoice/app/controllers/generate_pdf.php on line 9
[04-Oct-2024 18:46:08 UTC] PHP Warning:  Undefined array key "address_st" in /Users/m1air/Projects/CSMBD/generateinvoice/app/views/pdf_template.view.php on line 292
[04-Oct-2024 18:47:06 UTC] PHP Warning:  Undefined array key "address_st" in /Users/m1air/Projects/CSMBD/generateinvoice/app/views/pdf_template.view.php on line 293
[04-Oct-2024 18:53:00 UTC] PHP Warning:  Undefined variable $clientID in /Users/m1air/Projects/CSMBD/generateinvoice/app/views/pdf_template.view.php on line 314
[05-Oct-2024 05:25:19 UTC] PHP Fatal error:  Uncaught Error: Call to undefined function nav() in /Users/m1air/Projects/CSMBD/generateinvoice/app/views/partials/_header.php:13
Stack trace:
#0 /Users/m1air/Projects/CSMBD/generateinvoice/app/views/404.php(20): htmlHeader()
#1 /Users/m1air/Projects/CSMBD/generateinvoice/app/config/routes.php(25): require('/Users/m1air/Pr...')
#2 /Users/m1air/Projects/CSMBD/generateinvoice/app/config/routes.php(17): abort()
#3 /Users/m1air/Projects/CSMBD/generateinvoice/app/config/routes.php(30): routeToController('/assets/images/...', Array)
#4 /Users/m1air/Projects/CSMBD/generateinvoice/app/init.php(21): require('/Users/m1air/Pr...')
#5 /Users/m1air/Projects/CSMBD/generateinvoice/public/index.php(3): require('/Users/m1air/Pr...')
#6 {main}
  thrown in /Users/m1air/Projects/CSMBD/generateinvoice/app/views/partials/_header.php on line 13
[05-Oct-2024 05:25:22 UTC] PHP Fatal error:  Uncaught Error: Call to undefined function nav() in /Users/m1air/Projects/CSMBD/generateinvoice/app/views/partials/_header.php:13
Stack trace:
#0 /Users/m1air/Projects/CSMBD/generateinvoice/app/views/404.php(20): htmlHeader()
#1 /Users/m1air/Projects/CSMBD/generateinvoice/app/config/routes.php(25): require('/Users/m1air/Pr...')
#2 /Users/m1air/Projects/CSMBD/generateinvoice/app/config/routes.php(17): abort()
#3 /Users/m1air/Projects/CSMBD/generateinvoice/app/config/routes.php(30): routeToController('/assets/images/...', Array)
#4 /Users/m1air/Projects/CSMBD/generateinvoice/app/init.php(21): require('/Users/m1air/Pr...')
#5 /Users/m1air/Projects/CSMBD/generateinvoice/public/index.php(3): require('/Users/m1air/Pr...')
#6 {main}
  thrown in /Users/m1air/Projects/CSMBD/generateinvoice/app/views/partials/_header.php on line 13
[05-Oct-2024 05:28:24 UTC] PHP Fatal error:  Uncaught Error: Call to undefined function nav() in /Users/m1air/Projects/CSMBD/generateinvoice/app/views/partials/_header.php:13
Stack trace:
#0 /Users/m1air/Projects/CSMBD/generateinvoice/app/views/404.php(20): htmlHeader()
#1 /Users/m1air/Projects/CSMBD/generateinvoice/app/config/routes.php(25): require('/Users/m1air/Pr...')
#2 /Users/m1air/Projects/CSMBD/generateinvoice/app/config/routes.php(17): abort()
#3 /Users/m1air/Projects/CSMBD/generateinvoice/app/config/routes.php(30): routeToController('/assets/images/...', Array)
#4 /Users/m1air/Projects/CSMBD/generateinvoice/app/init.php(21): require('/Users/m1air/Pr...')
#5 /Users/m1air/Projects/CSMBD/generateinvoice/public/index.php(3): require('/Users/m1air/Pr...')
#6 {main}
  thrown in /Users/m1air/Projects/CSMBD/generateinvoice/app/views/partials/_header.php on line 13
[05-Oct-2024 05:56:46 UTC] PHP Warning:  Undefined array key "id" in /Users/m1air/Projects/CSMBD/generateinvoice/app/controllers/generate_pdf.php on line 15
[05-Oct-2024 05:59:37 UTC] PHP Warning:  Undefined array key "id" in /Users/m1air/Projects/CSMBD/generateinvoice/app/controllers/generate_pdf.php on line 15
[05-Oct-2024 05:59:58 UTC] PHP Warning:  Undefined array key "id" in /Users/m1air/Projects/CSMBD/generateinvoice/app/controllers/generate_pdf.php on line 15
[05-Oct-2024 07:32:47 UTC] PHP Fatal error:  Uncaught Error: Call to undefined function nav() in /Users/m1air/Projects/CSMBD/generateinvoice/app/views/partials/_header.php:13
Stack trace:
#0 /Users/m1air/Projects/CSMBD/generateinvoice/app/views/404.php(20): htmlHeader()
#1 /Users/m1air/Projects/CSMBD/generateinvoice/app/config/routes.php(25): require('/Users/m1air/Pr...')
#2 /Users/m1air/Projects/CSMBD/generateinvoice/app/config/routes.php(17): abort()
#3 /Users/m1air/Projects/CSMBD/generateinvoice/app/config/routes.php(30): routeToController('/assets/images/...', Array)
#4 /Users/m1air/Projects/CSMBD/generateinvoice/app/init.php(21): require('/Users/m1air/Pr...')
#5 /Users/m1air/Projects/CSMBD/generateinvoice/public/index.php(3): require('/Users/m1air/Pr...')
#6 {main}
  thrown in /Users/m1air/Projects/CSMBD/generateinvoice/app/views/partials/_header.php on line 13
[05-Oct-2024 13:37:02 UTC] PHP Fatal error:  Uncaught Error: Call to undefined function nav() in /Users/m1air/Projects/CSMBD/generateinvoice/app/views/partials/_header.php:13
Stack trace:
#0 /Users/m1air/Projects/CSMBD/generateinvoice/app/views/404.php(20): htmlHeader()
#1 /Users/m1air/Projects/CSMBD/generateinvoice/app/config/routes.php(25): require('/Users/m1air/Pr...')
#2 /Users/m1air/Projects/CSMBD/generateinvoice/app/config/routes.php(17): abort()
#3 /Users/m1air/Projects/CSMBD/generateinvoice/app/config/routes.php(30): routeToController('/assets/images/...', Array)
#4 /Users/m1air/Projects/CSMBD/generateinvoice/app/init.php(21): require('/Users/m1air/Pr...')
#5 /Users/m1air/Projects/CSMBD/generateinvoice/public/index.php(3): require('/Users/m1air/Pr...')
#6 {main}
  thrown in /Users/m1air/Projects/CSMBD/generateinvoice/app/views/partials/_header.php on line 13
[07-Oct-2024 15:44:44 UTC] PHP Fatal error:  Uncaught Error: Call to undefined function nav() in /Users/m1air/Projects/CSMBD/generateinvoice/app/views/partials/_header.php:13
Stack trace:
#0 /Users/m1air/Projects/CSMBD/generateinvoice/app/views/404.php(20): htmlHeader()
#1 /Users/m1air/Projects/CSMBD/generateinvoice/app/config/routes.php(25): require('/Users/m1air/Pr...')
#2 /Users/m1air/Projects/CSMBD/generateinvoice/app/config/routes.php(17): abort()
#3 /Users/m1air/Projects/CSMBD/generateinvoice/app/config/routes.php(30): routeToController('/assets/images/...', Array)
#4 /Users/m1air/Projects/CSMBD/generateinvoice/app/init.php(21): require('/Users/m1air/Pr...')
#5 /Users/m1air/Projects/CSMBD/generateinvoice/public/index.php(3): require('/Users/m1air/Pr...')
#6 {main}
  thrown in /Users/m1air/Projects/CSMBD/generateinvoice/app/views/partials/_header.php on line 13
[07-Oct-2024 15:44:45 UTC] PHP Warning:  Trying to access array offset on value of type bool in /Users/m1air/Projects/CSMBD/generateinvoice/app/controllers/generate_pdf.php on line 15
[07-Oct-2024 15:44:45 UTC] PHP Warning:  Trying to access array offset on value of type bool in /Users/m1air/Projects/CSMBD/generateinvoice/app/views/pdf_template.view.php on line 340
[07-Oct-2024 15:44:45 UTC] PHP Warning:  Trying to access array offset on value of type bool in /Users/m1air/Projects/CSMBD/generateinvoice/app/views/pdf_template.view.php on line 346
[07-Oct-2024 15:44:47 UTC] PHP Warning:  Trying to access array offset on value of type bool in /Users/m1air/Projects/CSMBD/generateinvoice/app/controllers/generate_pdf.php on line 15
[07-Oct-2024 15:44:47 UTC] PHP Warning:  Trying to access array offset on value of type bool in /Users/m1air/Projects/CSMBD/generateinvoice/app/views/pdf_template.view.php on line 340
[07-Oct-2024 15:44:47 UTC] PHP Warning:  Trying to access array offset on value of type bool in /Users/m1air/Projects/CSMBD/generateinvoice/app/views/pdf_template.view.php on line 346
[07-Oct-2024 15:44:52 UTC] PHP Warning:  Trying to access array offset on value of type bool in /Users/m1air/Projects/CSMBD/generateinvoice/app/controllers/generate_pdf.php on line 15
[07-Oct-2024 15:44:52 UTC] PHP Warning:  Trying to access array offset on value of type bool in /Users/m1air/Projects/CSMBD/generateinvoice/app/views/pdf_template.view.php on line 340
[07-Oct-2024 15:44:52 UTC] PHP Warning:  Trying to access array offset on value of type bool in /Users/m1air/Projects/CSMBD/generateinvoice/app/views/pdf_template.view.php on line 346
[28-Oct-2024 05:24:23 UTC] PHP Fatal error:  Uncaught Error: Call to undefined function head() in /Users/m1air/Projects/PHP/jn-framework/app/views/404.php:10
Stack trace:
#0 /Users/m1air/Projects/PHP/jn-framework/app/config/routes.php(79): require()
#1 /Users/m1air/Projects/PHP/jn-framework/app/config/routes.php(73): abort()
#2 /Users/m1air/Projects/PHP/jn-framework/app/config/routes.php(83): routeToController('/assets/images/...')
#3 /Users/m1air/Projects/PHP/jn-framework/app/init.php(21): require('/Users/m1air/Pr...')
#4 /Users/m1air/Projects/PHP/jn-framework/public/index.php(3): require('/Users/m1air/Pr...')
#5 {main}
  thrown in /Users/m1air/Projects/PHP/jn-framework/app/views/404.php on line 10
[28-Oct-2024 05:25:30 UTC] PHP Fatal error:  Uncaught Error: Call to undefined function head() in /Users/m1air/Projects/PHP/jn-framework/app/views/404.php:10
Stack trace:
#0 /Users/m1air/Projects/PHP/jn-framework/app/config/routes.php(79): require()
#1 /Users/m1air/Projects/PHP/jn-framework/app/config/routes.php(73): abort()
#2 /Users/m1air/Projects/PHP/jn-framework/app/config/routes.php(83): routeToController('/assets/images/...')
#3 /Users/m1air/Projects/PHP/jn-framework/app/init.php(21): require('/Users/m1air/Pr...')
#4 /Users/m1air/Projects/PHP/jn-framework/public/index.php(3): require('/Users/m1air/Pr...')
#5 {main}
  thrown in /Users/m1air/Projects/PHP/jn-framework/app/views/404.php on line 10
[28-Oct-2024 05:41:03 UTC] PHP Fatal error:  Uncaught Error: Call to undefined function head() in /Users/m1air/Projects/PHP/jn-framework/app/views/404.php:10
Stack trace:
#0 /Users/m1air/Projects/PHP/jn-framework/app/config/routes.php(79): require()
#1 /Users/m1air/Projects/PHP/jn-framework/app/config/routes.php(73): abort()
#2 /Users/m1air/Projects/PHP/jn-framework/app/config/routes.php(83): routeToController('/assets/images/...')
#3 /Users/m1air/Projects/PHP/jn-framework/app/init.php(21): require('/Users/m1air/Pr...')
#4 /Users/m1air/Projects/PHP/jn-framework/public/index.php(3): require('/Users/m1air/Pr...')
#5 {main}
  thrown in /Users/m1air/Projects/PHP/jn-framework/app/views/404.php on line 10
[28-Oct-2024 05:41:31 UTC] PHP Fatal error:  Uncaught Error: Call to undefined function head() in /Users/m1air/Projects/PHP/jn-framework/app/views/404.php:10
Stack trace:
#0 /Users/m1air/Projects/PHP/jn-framework/app/config/routes.php(79): require()
#1 /Users/m1air/Projects/PHP/jn-framework/app/config/routes.php(73): abort()
#2 /Users/m1air/Projects/PHP/jn-framework/app/config/routes.php(83): routeToController('/assets/images/...')
#3 /Users/m1air/Projects/PHP/jn-framework/app/init.php(21): require('/Users/m1air/Pr...')
#4 /Users/m1air/Projects/PHP/jn-framework/public/index.php(3): require('/Users/m1air/Pr...')
#5 {main}
  thrown in /Users/m1air/Projects/PHP/jn-framework/app/views/404.php on line 10
[28-Oct-2024 05:41:33 UTC] PHP Fatal error:  Uncaught Error: Call to undefined function head() in /Users/m1air/Projects/PHP/jn-framework/app/views/404.php:10
Stack trace:
#0 /Users/m1air/Projects/PHP/jn-framework/app/config/routes.php(79): require()
#1 /Users/m1air/Projects/PHP/jn-framework/app/config/routes.php(73): abort()
#2 /Users/m1air/Projects/PHP/jn-framework/app/config/routes.php(83): routeToController('/assets/images/...')
#3 /Users/m1air/Projects/PHP/jn-framework/app/init.php(21): require('/Users/m1air/Pr...')
#4 /Users/m1air/Projects/PHP/jn-framework/public/index.php(3): require('/Users/m1air/Pr...')
#5 {main}
  thrown in /Users/m1air/Projects/PHP/jn-framework/app/views/404.php on line 10
[28-Oct-2024 05:42:34 UTC] PHP Fatal error:  Uncaught Error: Call to undefined function head() in /Users/m1air/Projects/PHP/jn-framework/app/views/404.php:10
Stack trace:
#0 /Users/m1air/Projects/PHP/jn-framework/app/config/routes.php(79): require()
#1 /Users/m1air/Projects/PHP/jn-framework/app/config/routes.php(73): abort()
#2 /Users/m1air/Projects/PHP/jn-framework/app/config/routes.php(83): routeToController('/assets/images/...')
#3 /Users/m1air/Projects/PHP/jn-framework/app/init.php(21): require('/Users/m1air/Pr...')
#4 /Users/m1air/Projects/PHP/jn-framework/public/index.php(3): require('/Users/m1air/Pr...')
#5 {main}
  thrown in /Users/m1air/Projects/PHP/jn-framework/app/views/404.php on line 10
[28-Oct-2024 05:42:56 UTC] PHP Fatal error:  Uncaught Error: Call to undefined function head() in /Users/m1air/Projects/PHP/jn-framework/app/views/404.php:10
Stack trace:
#0 /Users/m1air/Projects/PHP/jn-framework/app/config/routes.php(79): require()
#1 /Users/m1air/Projects/PHP/jn-framework/app/config/routes.php(73): abort()
#2 /Users/m1air/Projects/PHP/jn-framework/app/config/routes.php(83): routeToController('/assets/images/...')
#3 /Users/m1air/Projects/PHP/jn-framework/app/init.php(21): require('/Users/m1air/Pr...')
#4 /Users/m1air/Projects/PHP/jn-framework/public/index.php(3): require('/Users/m1air/Pr...')
#5 {main}
  thrown in /Users/m1air/Projects/PHP/jn-framework/app/views/404.php on line 10
[28-Oct-2024 05:43:44 UTC] PHP Fatal error:  Uncaught Error: Call to undefined function head() in /Users/m1air/Projects/PHP/jn-framework/app/views/404.php:10
Stack trace:
#0 /Users/m1air/Projects/PHP/jn-framework/app/config/routes.php(79): require()
#1 /Users/m1air/Projects/PHP/jn-framework/app/config/routes.php(73): abort()
#2 /Users/m1air/Projects/PHP/jn-framework/app/config/routes.php(83): routeToController('/assets/images/...')
#3 /Users/m1air/Projects/PHP/jn-framework/app/init.php(21): require('/Users/m1air/Pr...')
#4 /Users/m1air/Projects/PHP/jn-framework/public/index.php(3): require('/Users/m1air/Pr...')
#5 {main}
  thrown in /Users/m1air/Projects/PHP/jn-framework/app/views/404.php on line 10
[28-Oct-2024 05:50:38 UTC] PHP Fatal error:  Uncaught Error: Call to undefined function head() in /Users/m1air/Projects/PHP/jn-framework/app/views/inc.view.php:16
Stack trace:
#0 /Users/m1air/Projects/PHP/jn-framework/app/controllers/index.php(17): template('<div class="the...', '<script src="/a...')
#1 /Users/m1air/Projects/PHP/jn-framework/app/config/routes.php(66): require('/Users/m1air/Pr...')
#2 /Users/m1air/Projects/PHP/jn-framework/app/config/routes.php(83): routeToController('/')
#3 /Users/m1air/Projects/PHP/jn-framework/app/init.php(21): require('/Users/m1air/Pr...')
#4 /Users/m1air/Projects/PHP/jn-framework/public/index.php(3): require('/Users/m1air/Pr...')
#5 {main}
  thrown in /Users/m1air/Projects/PHP/jn-framework/app/views/inc.view.php on line 16
[28-Oct-2024 05:51:47 UTC] PHP Fatal error:  Uncaught Error: Call to undefined function head() in /Users/m1air/Projects/PHP/jn-framework/app/views/inc.view.php:15
Stack trace:
#0 /Users/m1air/Projects/PHP/jn-framework/app/controllers/index.php(17): template('<div class="the...', '<script src="/a...')
#1 /Users/m1air/Projects/PHP/jn-framework/app/config/routes.php(66): require('/Users/m1air/Pr...')
#2 /Users/m1air/Projects/PHP/jn-framework/app/config/routes.php(83): routeToController('/')
#3 /Users/m1air/Projects/PHP/jn-framework/app/init.php(21): require('/Users/m1air/Pr...')
#4 /Users/m1air/Projects/PHP/jn-framework/public/index.php(3): require('/Users/m1air/Pr...')
#5 {main}
  thrown in /Users/m1air/Projects/PHP/jn-framework/app/views/inc.view.php on line 15
[28-Oct-2024 05:52:07 UTC] PHP Fatal error:  Uncaught Error: Call to undefined function head() in /Users/m1air/Projects/PHP/jn-framework/app/views/inc.view.php:15
Stack trace:
#0 /Users/m1air/Projects/PHP/jn-framework/app/controllers/index.php(17): template('<div class="the...', '<script src="/a...')
#1 /Users/m1air/Projects/PHP/jn-framework/app/config/routes.php(66): require('/Users/m1air/Pr...')
#2 /Users/m1air/Projects/PHP/jn-framework/app/config/routes.php(83): routeToController('/')
#3 /Users/m1air/Projects/PHP/jn-framework/app/init.php(21): require('/Users/m1air/Pr...')
#4 /Users/m1air/Projects/PHP/jn-framework/public/index.php(3): require('/Users/m1air/Pr...')
#5 {main}
  thrown in /Users/m1air/Projects/PHP/jn-framework/app/views/inc.view.php on line 15
[28-Oct-2024 05:52:08 UTC] PHP Fatal error:  Uncaught Error: Call to undefined function head() in /Users/m1air/Projects/PHP/jn-framework/app/views/inc.view.php:15
Stack trace:
#0 /Users/m1air/Projects/PHP/jn-framework/app/controllers/index.php(17): template('<div class="the...', '<script src="/a...')
#1 /Users/m1air/Projects/PHP/jn-framework/app/config/routes.php(66): require('/Users/m1air/Pr...')
#2 /Users/m1air/Projects/PHP/jn-framework/app/config/routes.php(83): routeToController('/')
#3 /Users/m1air/Projects/PHP/jn-framework/app/init.php(21): require('/Users/m1air/Pr...')
#4 /Users/m1air/Projects/PHP/jn-framework/public/index.php(3): require('/Users/m1air/Pr...')
#5 {main}
  thrown in /Users/m1air/Projects/PHP/jn-framework/app/views/inc.view.php on line 15
[28-Oct-2024 05:52:10 UTC] PHP Fatal error:  Uncaught Error: Call to undefined function head() in /Users/m1air/Projects/PHP/jn-framework/app/views/inc.view.php:15
Stack trace:
#0 /Users/m1air/Projects/PHP/jn-framework/app/controllers/index.php(17): template('<div class="the...', '<script src="/a...')
#1 /Users/m1air/Projects/PHP/jn-framework/app/config/routes.php(66): require('/Users/m1air/Pr...')
#2 /Users/m1air/Projects/PHP/jn-framework/app/config/routes.php(83): routeToController('/')
#3 /Users/m1air/Projects/PHP/jn-framework/app/init.php(21): require('/Users/m1air/Pr...')
#4 /Users/m1air/Projects/PHP/jn-framework/public/index.php(3): require('/Users/m1air/Pr...')
#5 {main}
  thrown in /Users/m1air/Projects/PHP/jn-framework/app/views/inc.view.php on line 15
